<?xml version="1.0" encoding="UTF-8"?>
<coverage generated="1763221737236" clover="3.2.0">
  <project timestamp="1763221737236" name="All files">
    <metrics statements="65" coveredstatements="64" conditionals="39" coveredconditionals="35" methods="19" coveredmethods="18" elements="123" coveredelements="117" complexity="0" loc="65" ncloc="65" packages="1" files="1" classes="1"/>
    <file name="navbar.tsx" path="C:\Users\vladi\OneDrive\Documentos\GitHub\Q-Manager\src\pages\navbar\navbar.tsx">
      <metrics statements="65" coveredstatements="64" conditionals="39" coveredconditionals="35" methods="19" coveredmethods="18"/>
      <line num="1" count="1" type="stmt"/>
      <line num="2" count="1" type="stmt"/>
      <line num="3" count="1" type="stmt"/>
      <line num="5" count="1" type="stmt"/>
      <line num="6" count="8" type="stmt"/>
      <line num="7" count="8" type="stmt"/>
      <line num="8" count="5" type="stmt"/>
      <line num="9" count="5" type="stmt"/>
      <line num="10" count="5" type="stmt"/>
      <line num="11" count="5" type="stmt"/>
      <line num="12" count="5" type="stmt"/>
      <line num="14" count="8" type="stmt"/>
      <line num="17" count="1" type="stmt"/>
      <line num="18" count="3" type="stmt"/>
      <line num="23" count="1" type="stmt"/>
      <line num="24" count="3" type="stmt"/>
      <line num="31" count="1" type="stmt"/>
      <line num="32" count="8" type="stmt"/>
      <line num="33" count="8" type="stmt"/>
      <line num="35" count="8" type="stmt"/>
      <line num="36" count="2" type="stmt"/>
      <line num="37" count="2" type="stmt"/>
      <line num="40" count="2" type="stmt"/>
      <line num="43" count="2" type="stmt"/>
      <line num="46" count="1" type="stmt"/>
      <line num="49" count="1" type="stmt"/>
      <line num="52" count="1" type="stmt"/>
      <line num="56" count="8" type="stmt"/>
      <line num="57" count="8" type="stmt"/>
      <line num="58" count="8" type="stmt"/>
      <line num="59" count="8" type="stmt"/>
      <line num="60" count="8" type="stmt"/>
      <line num="62" count="8" type="stmt"/>
      <line num="63" count="5" type="stmt"/>
      <line num="64" count="5" type="stmt"/>
      <line num="65" count="5" type="stmt"/>
      <line num="68" count="8" type="stmt"/>
      <line num="69" count="8" type="stmt"/>
      <line num="70" count="1" type="cond" truecount="1" falsecount="1"/>
      <line num="75" count="1" type="stmt"/>
      <line num="78" count="8" type="cond" truecount="2" falsecount="0"/>
      <line num="79" count="8" type="stmt"/>
      <line num="83" count="8" type="stmt"/>
      <line num="84" count="5" type="cond" truecount="1" falsecount="1"/>
      <line num="85" count="0" type="stmt"/>
      <line num="89" count="8" type="stmt"/>
      <line num="90" count="8" type="stmt"/>
      <line num="91" count="8" type="stmt"/>
      <line num="92" count="8" type="stmt"/>
      <line num="93" count="17" type="cond" truecount="2" falsecount="0"/>
      <line num="96" count="8" type="stmt"/>
      <line num="97" count="12" type="stmt"/>
      <line num="98" count="12" type="stmt"/>
      <line num="99" count="12" type="stmt"/>
      <line num="101" count="12" type="cond" truecount="2" falsecount="0"/>
      <line num="106" count="8" type="stmt"/>
      <line num="107" count="8" type="stmt"/>
      <line num="110" count="8" type="stmt"/>
      <line num="111" count="2" type="stmt"/>
      <line num="112" count="2" type="stmt"/>
      <line num="113" count="2" type="stmt"/>
      <line num="114" count="2" type="stmt"/>
      <line num="119" count="8" type="stmt"/>
      <line num="164" count="1" type="stmt"/>
      <line num="269" count="1" type="stmt"/>
    </file>
  </project>
</coverage>
