{"C:\\GitHub\\Q-Manager\\src\\pages\\Aboutcopy\\Aboutcopy.tsx": {"path":"C:\\GitHub\\Q-Manager\\src\\pages\\Aboutcopy\\Aboutcopy.tsx","statementMap":{"0":{"start":{"line":1,"column":0},"end":{"line":1,"column":26}},"1":{"start":{"line":2,"column":0},"end":{"line":2,"column":58}},"2":{"start":{"line":5,"column":66},"end":{"line":8,"column":null}},"3":{"start":{"line":6,"column":2},"end":{"line":7,"column":null}},"4":{"start":{"line":19,"column":34},"end":{"line":21,"column":2}},"5":{"start":{"line":24,"column":99},"end":{"line":39,"column":null}},"6":{"start":{"line":27,"column":2},"end":{"line":38,"column":null}},"7":{"start":{"line":42,"column":28},"end":{"line":172,"column":1}},"8":{"start":{"line":43,"column":15},"end":{"line":43,"column":24}},"9":{"start":{"line":44,"column":26},"end":{"line":44,"column":54}},"10":{"start":{"line":46,"column":2},"end":{"line":171,"column":4}},"11":{"start":{"line":147,"column":16},"end":{"line":148,"column":null}},"12":{"start":{"line":174,"column":0},"end":{"line":174,"column":25}}},"fnMap":{"0":{"name":"(anonymous_1)","decl":{"start":{"line":5,"column":66},"end":{"line":5,"column":67}},"loc":{"start":{"line":6,"column":2},"end":{"line":7,"column":null}}},"1":{"name":"(anonymous_2)","decl":{"start":{"line":24,"column":99},"end":{"line":24,"column":100}},"loc":{"start":{"line":27,"column":2},"end":{"line":38,"column":null}}},"2":{"name":"(anonymous_3)","decl":{"start":{"line":42,"column":28},"end":{"line":42,"column":31}},"loc":{"start":{"line":42,"column":33},"end":{"line":172,"column":1}}},"3":{"name":"(anonymous_4)","decl":{"start":{"line":146,"column":31},"end":{"line":146,"column":32}},"loc":{"start":{"line":147,"column":16},"end":{"line":148,"column":null}}}},"branchMap":{"0":{"loc":{"start":{"line":44,"column":26},"end":{"line":44,"column":54}},"type":"binary-expr","locations":[{"start":{"line":44,"column":26},"end":{"line":44,"column":30}},{"start":{"line":44,"column":34},"end":{"line":44,"column":54}}]},"1":{"loc":{"start":{"line":51,"column":53},"end":{"line":51,"column":97}},"type":"cond-expr","locations":[{"start":{"line":51,"column":71},"end":{"line":51,"column":78}},{"start":{"line":51,"column":81},"end":{"line":51,"column":97}}]},"2":{"loc":{"start":{"line":151,"column":19},"end":{"line":158,"column":null}},"type":"cond-expr","locations":[{"start":{"line":152,"column":20},"end":{"line":155,"column":null}},{"start":{"line":158,"column":20},"end":{"line":158,"column":82}}]}},"s":{"0":1,"1":1,"2":1,"3":6,"4":1,"5":1,"6":18,"7":1,"8":6,"9":6,"10":6,"11":6,"12":1},"f":{"0":6,"1":18,"2":6,"3":6},"b":{"0":[6,6],"1":[1,5],"2":[0,6]}}
,"C:\\GitHub\\Q-Manager\\src\\pages\\PersonalData\\PersonalData.tsx": {"path":"C:\\GitHub\\Q-Manager\\src\\pages\\PersonalData\\PersonalData.tsx","statementMap":{"0":{"start":{"line":1,"column":0},"end":{"line":1,"column":51}},"1":{"start":{"line":2,"column":0},"end":{"line":2,"column":54}},"2":{"start":{"line":3,"column":0},"end":{"line":3,"column":47}},"3":{"start":{"line":4,"column":0},"end":{"line":4,"column":58}},"4":{"start":{"line":5,"column":0},"end":{"line":5,"column":55}},"5":{"start":{"line":6,"column":0},"end":{"line":6,"column":47}},"6":{"start":{"line":7,"column":0},"end":{"line":7,"column":61}},"7":{"start":{"line":8,"column":0},"end":{"line":8,"column":50}},"8":{"start":{"line":10,"column":31},"end":{"line":122,"column":1}},"9":{"start":{"line":11,"column":19},"end":{"line":11,"column":32}},"10":{"start":{"line":12,"column":19},"end":{"line":12,"column":54}},"11":{"start":{"line":13,"column":91},"end":{"line":13,"column":100}},"12":{"start":{"line":16,"column":36},"end":{"line":16,"column":51}},"13":{"start":{"line":17,"column":34},"end":{"line":17,"column":49}},"14":{"start":{"line":20,"column":19},"end":{"line":20,"column":90}},"15":{"start":{"line":23,"column":2},"end":{"line":36,"column":76}},"16":{"start":{"line":25,"column":29},"end":{"line":33,"column":5}},"17":{"start":{"line":26,"column":6},"end":{"line":32,"column":7}},"18":{"start":{"line":28,"column":8},"end":{"line":31,"column":9}},"19":{"start":{"line":29,"column":10},"end":{"line":29,"column":70}},"20":{"start":{"line":30,"column":10},"end":{"line":30,"column":37}},"21":{"start":{"line":35,"column":4},"end":{"line":35,"column":23}},"22":{"start":{"line":38,"column":2},"end":{"line":43,"column":47}},"23":{"start":{"line":40,"column":4},"end":{"line":42,"column":5}},"24":{"start":{"line":41,"column":6},"end":{"line":41,"column":44}},"25":{"start":{"line":45,"column":23},"end":{"line":47,"column":3}},"26":{"start":{"line":46,"column":4},"end":{"line":46,"column":27}},"27":{"start":{"line":49,"column":26},"end":{"line":51,"column":3}},"28":{"start":{"line":50,"column":4},"end":{"line":50,"column":23}},"29":{"start":{"line":53,"column":27},"end":{"line":55,"column":3}},"30":{"start":{"line":54,"column":4},"end":{"line":54,"column":24}},"31":{"start":{"line":57,"column":28},"end":{"line":60,"column":3}},"32":{"start":{"line":58,"column":4},"end":{"line":58,"column":24}},"33":{"start":{"line":59,"column":4},"end":{"line":59,"column":54}},"34":{"start":{"line":62,"column":26},"end":{"line":65,"column":3}},"35":{"start":{"line":63,"column":4},"end":{"line":63,"column":59}},"36":{"start":{"line":64,"column":4},"end":{"line":64,"column":86}},"37":{"start":{"line":68,"column":2},"end":{"line":70,"column":3}},"38":{"start":{"line":69,"column":4},"end":{"line":69,"column":69}},"39":{"start":{"line":72,"column":2},"end":{"line":74,"column":3}},"40":{"start":{"line":73,"column":4},"end":{"line":73,"column":64}},"41":{"start":{"line":77,"column":2},"end":{"line":89,"column":3}},"42":{"start":{"line":78,"column":4},"end":{"line":88,"column":6}},"43":{"start":{"line":92,"column":2},"end":{"line":121,"column":4}},"44":{"start":{"line":115,"column":45},"end":{"line":115,"column":72}},"45":{"start":{"line":124,"column":0},"end":{"line":124,"column":28}}},"fnMap":{"0":{"name":"(anonymous_10)","decl":{"start":{"line":10,"column":31},"end":{"line":10,"column":34}},"loc":{"start":{"line":10,"column":36},"end":{"line":122,"column":1}}},"1":{"name":"(anonymous_11)","decl":{"start":{"line":23,"column":12},"end":{"line":23,"column":15}},"loc":{"start":{"line":23,"column":17},"end":{"line":36,"column":3}}},"2":{"name":"(anonymous_12)","decl":{"start":{"line":25,"column":29},"end":{"line":25,"column":34}},"loc":{"start":{"line":25,"column":40},"end":{"line":33,"column":5}}},"3":{"name":"(anonymous_13)","decl":{"start":{"line":38,"column":12},"end":{"line":38,"column":15}},"loc":{"start":{"line":38,"column":17},"end":{"line":43,"column":3}}},"4":{"name":"(anonymous_14)","decl":{"start":{"line":45,"column":23},"end":{"line":45,"column":26}},"loc":{"start":{"line":45,"column":28},"end":{"line":47,"column":3}}},"5":{"name":"(anonymous_15)","decl":{"start":{"line":49,"column":26},"end":{"line":49,"column":29}},"loc":{"start":{"line":49,"column":31},"end":{"line":51,"column":3}}},"6":{"name":"(anonymous_16)","decl":{"start":{"line":53,"column":27},"end":{"line":53,"column":30}},"loc":{"start":{"line":53,"column":32},"end":{"line":55,"column":3}}},"7":{"name":"(anonymous_17)","decl":{"start":{"line":57,"column":28},"end":{"line":57,"column":31}},"loc":{"start":{"line":57,"column":33},"end":{"line":60,"column":3}}},"8":{"name":"(anonymous_18)","decl":{"start":{"line":62,"column":26},"end":{"line":62,"column":27}},"loc":{"start":{"line":62,"column":41},"end":{"line":65,"column":3}}},"9":{"name":"(anonymous_19)","decl":{"start":{"line":115,"column":39},"end":{"line":115,"column":42}},"loc":{"start":{"line":115,"column":45},"end":{"line":115,"column":72}}}},"branchMap":{"0":{"loc":{"start":{"line":20,"column":19},"end":{"line":20,"column":90}},"type":"binary-expr","locations":[{"start":{"line":20,"column":19},"end":{"line":20,"column":53}},{"start":{"line":20,"column":57},"end":{"line":20,"column":90}}]},"1":{"loc":{"start":{"line":26,"column":6},"end":{"line":32,"column":7}},"type":"if","locations":[{"start":{"line":26,"column":6},"end":{"line":32,"column":7}},{"start":{},"end":{}}]},"2":{"loc":{"start":{"line":26,"column":10},"end":{"line":26,"column":41}},"type":"binary-expr","locations":[{"start":{"line":26,"column":10},"end":{"line":26,"column":25}},{"start":{"line":26,"column":29},"end":{"line":26,"column":41}}]},"3":{"loc":{"start":{"line":28,"column":8},"end":{"line":31,"column":9}},"type":"if","locations":[{"start":{"line":28,"column":8},"end":{"line":31,"column":9}},{"start":{},"end":{}}]},"4":{"loc":{"start":{"line":28,"column":12},"end":{"line":28,"column":36}},"type":"binary-expr","locations":[{"start":{"line":28,"column":12},"end":{"line":28,"column":24}},{"start":{"line":28,"column":28},"end":{"line":28,"column":36}}]},"5":{"loc":{"start":{"line":40,"column":4},"end":{"line":42,"column":5}},"type":"if","locations":[{"start":{"line":40,"column":4},"end":{"line":42,"column":5}},{"start":{},"end":{}}]},"6":{"loc":{"start":{"line":40,"column":8},"end":{"line":40,"column":40}},"type":"binary-expr","locations":[{"start":{"line":40,"column":8},"end":{"line":40,"column":20}},{"start":{"line":40,"column":24},"end":{"line":40,"column":40}}]},"7":{"loc":{"start":{"line":68,"column":2},"end":{"line":70,"column":3}},"type":"if","locations":[{"start":{"line":68,"column":2},"end":{"line":70,"column":3}},{"start":{},"end":{}}]},"8":{"loc":{"start":{"line":68,"column":6},"end":{"line":68,"column":54}},"type":"binary-expr","locations":[{"start":{"line":68,"column":6},"end":{"line":68,"column":17}},{"start":{"line":68,"column":22},"end":{"line":68,"column":37}},{"start":{"line":68,"column":41},"end":{"line":68,"column":53}}]},"9":{"loc":{"start":{"line":72,"column":2},"end":{"line":74,"column":3}},"type":"if","locations":[{"start":{"line":72,"column":2},"end":{"line":74,"column":3}},{"start":{},"end":{}}]},"10":{"loc":{"start":{"line":77,"column":2},"end":{"line":89,"column":3}},"type":"if","locations":[{"start":{"line":77,"column":2},"end":{"line":89,"column":3}},{"start":{},"end":{}}]},"11":{"loc":{"start":{"line":94,"column":32},"end":{"line":94,"column":72}},"type":"cond-expr","locations":[{"start":{"line":94,"column":43},"end":{"line":94,"column":58}},{"start":{"line":94,"column":61},"end":{"line":94,"column":72}}]},"12":{"loc":{"start":{"line":98,"column":12},"end":{"line":98,"column":null}},"type":"cond-expr","locations":[{"start":{"line":98,"column":23},"end":{"line":98,"column":33}},{"start":{"line":98,"column":36},"end":{"line":98,"column":null}}]}},"s":{"0":1,"1":1,"2":1,"3":1,"4":1,"5":1,"6":1,"7":1,"8":1,"9":11,"10":11,"11":11,"12":11,"13":11,"14":11,"15":11,"16":5,"17":5,"18":3,"19":0,"20":0,"21":5,"22":11,"23":5,"24":1,"25":11,"26":6,"27":11,"28":6,"29":11,"30":6,"31":11,"32":6,"33":6,"34":11,"35":6,"36":6,"37":11,"38":1,"39":10,"40":1,"41":9,"42":0,"43":9,"44":6,"45":1},"f":{"0":11,"1":5,"2":5,"3":5,"4":6,"5":6,"6":6,"7":6,"8":6,"9":6},"b":{"0":[11,5],"1":[3,2],"2":[5,3],"3":[0,3],"4":[3,0],"5":[1,4],"6":[5,4],"7":[1,10],"8":[11,10,9],"9":[1,9],"10":[0,9],"11":[0,9],"12":[0,9]}}
,"C:\\GitHub\\Q-Manager\\src\\pages\\PersonalData\\PersonalDataForm.tsx": {"path":"C:\\GitHub\\Q-Manager\\src\\pages\\PersonalData\\PersonalDataForm.tsx","statementMap":{"0":{"start":{"line":1,"column":0},"end":{"line":1,"column":51}},"1":{"start":{"line":3,"column":0},"end":{"line":3,"column":53}},"2":{"start":{"line":19,"column":58},"end":{"line":363,"column":1}},"3":{"start":{"line":34,"column":34},"end":{"line":40,"column":4}},"4":{"start":{"line":43,"column":2},"end":{"line":66,"column":20}},"5":{"start":{"line":44,"column":4},"end":{"line":65,"column":5}},"6":{"start":{"line":45,"column":21},"end":{"line":45,"column":23}},"7":{"start":{"line":46,"column":6},"end":{"line":54,"column":7}},"8":{"start":{"line":47,"column":8},"end":{"line":47,"column":32}},"9":{"start":{"line":48,"column":13},"end":{"line":54,"column":7}},"10":{"start":{"line":49,"column":8},"end":{"line":49,"column":35}},"11":{"start":{"line":50,"column":13},"end":{"line":54,"column":7}},"12":{"start":{"line":51,"column":8},"end":{"line":51,"column":43}},"13":{"start":{"line":53,"column":8},"end":{"line":53,"column":37}},"14":{"start":{"line":56,"column":6},"end":{"line":62,"column":9}},"15":{"start":{"line":64,"column":6},"end":{"line":64,"column":88}},"16":{"start":{"line":69,"column":4},"end":{"line":69,"column":217}},"17":{"start":{"line":71,"column":30},"end":{"line":71,"column":168}},"18":{"start":{"line":73,"column":31},"end":{"line":73,"column":136}},"19":{"start":{"line":75,"column":28},"end":{"line":81,"column":3}},"20":{"start":{"line":76,"column":28},"end":{"line":76,"column":36}},"21":{"start":{"line":77,"column":4},"end":{"line":80,"column":8}},"22":{"start":{"line":77,"column":25},"end":{"line":80,"column":6}},"23":{"start":{"line":83,"column":27},"end":{"line":107,"column":3}},"24":{"start":{"line":85,"column":4},"end":{"line":105,"column":5}},"25":{"start":{"line":87,"column":21},"end":{"line":87,"column":23}},"26":{"start":{"line":88,"column":6},"end":{"line":96,"column":7}},"27":{"start":{"line":89,"column":8},"end":{"line":89,"column":32}},"28":{"start":{"line":90,"column":13},"end":{"line":96,"column":7}},"29":{"start":{"line":91,"column":8},"end":{"line":91,"column":35}},"30":{"start":{"line":92,"column":13},"end":{"line":96,"column":7}},"31":{"start":{"line":93,"column":8},"end":{"line":93,"column":43}},"32":{"start":{"line":95,"column":8},"end":{"line":95,"column":37}},"33":{"start":{"line":98,"column":6},"end":{"line":104,"column":9}},"34":{"start":{"line":106,"column":4},"end":{"line":106,"column":19}},"35":{"start":{"line":109,"column":23},"end":{"line":154,"column":3}},"36":{"start":{"line":110,"column":4},"end":{"line":110,"column":23}},"37":{"start":{"line":112,"column":4},"end":{"line":115,"column":5}},"38":{"start":{"line":113,"column":6},"end":{"line":113,"column":82}},"39":{"start":{"line":114,"column":6},"end":{"line":114,"column":13}},"40":{"start":{"line":117,"column":4},"end":{"line":153,"column":5}},"41":{"start":{"line":118,"column":6},"end":{"line":118,"column":24}},"42":{"start":{"line":120,"column":6},"end":{"line":124,"column":7}},"43":{"start":{"line":121,"column":8},"end":{"line":121,"column":83}},"44":{"start":{"line":122,"column":8},"end":{"line":122,"column":27}},"45":{"start":{"line":123,"column":8},"end":{"line":123,"column":15}},"46":{"start":{"line":127,"column":25},"end":{"line":127,"column":53}},"47":{"start":{"line":128,"column":6},"end":{"line":132,"column":7}},"48":{"start":{"line":129,"column":8},"end":{"line":129,"column":81}},"49":{"start":{"line":130,"column":8},"end":{"line":130,"column":27}},"50":{"start":{"line":131,"column":8},"end":{"line":131,"column":15}},"51":{"start":{"line":134,"column":27},"end":{"line":134,"column":56}},"52":{"start":{"line":135,"column":6},"end":{"line":139,"column":7}},"53":{"start":{"line":136,"column":8},"end":{"line":136,"column":108}},"54":{"start":{"line":137,"column":8},"end":{"line":137,"column":27}},"55":{"start":{"line":138,"column":8},"end":{"line":138,"column":15}},"56":{"start":{"line":141,"column":27},"end":{"line":145,"column":8}},"57":{"start":{"line":147,"column":6},"end":{"line":147,"column":65}},"58":{"start":{"line":148,"column":6},"end":{"line":148,"column":22}},"59":{"start":{"line":150,"column":6},"end":{"line":150,"column":25}},"60":{"start":{"line":152,"column":6},"end":{"line":152,"column":25}},"61":{"start":{"line":156,"column":2},"end":{"line":362,"column":4}},"62":{"start":{"line":365,"column":0},"end":{"line":365,"column":32}}},"fnMap":{"0":{"name":"(anonymous_10)","decl":{"start":{"line":19,"column":58},"end":{"line":19,"column":59}},"loc":{"start":{"line":31,"column":5},"end":{"line":363,"column":1}}},"1":{"name":"(anonymous_11)","decl":{"start":{"line":43,"column":12},"end":{"line":43,"column":15}},"loc":{"start":{"line":43,"column":17},"end":{"line":66,"column":3}}},"2":{"name":"(anonymous_12)","decl":{"start":{"line":75,"column":28},"end":{"line":75,"column":29}},"loc":{"start":{"line":75,"column":71},"end":{"line":81,"column":3}}},"3":{"name":"(anonymous_13)","decl":{"start":{"line":77,"column":16},"end":{"line":77,"column":20}},"loc":{"start":{"line":77,"column":25},"end":{"line":80,"column":6}}},"4":{"name":"(anonymous_14)","decl":{"start":{"line":83,"column":27},"end":{"line":83,"column":30}},"loc":{"start":{"line":83,"column":32},"end":{"line":107,"column":3}}},"5":{"name":"(anonymous_15)","decl":{"start":{"line":109,"column":23},"end":{"line":109,"column":28}},"loc":{"start":{"line":109,"column":52},"end":{"line":154,"column":3}}}},"branchMap":{"0":{"loc":{"start":{"line":44,"column":4},"end":{"line":65,"column":5}},"type":"if","locations":[{"start":{"line":44,"column":4},"end":{"line":65,"column":5}},{"start":{},"end":{}}]},"1":{"loc":{"start":{"line":46,"column":6},"end":{"line":54,"column":7}},"type":"if","locations":[{"start":{"line":46,"column":6},"end":{"line":54,"column":7}},{"start":{"line":48,"column":13},"end":{"line":54,"column":7}}]},"2":{"loc":{"start":{"line":48,"column":13},"end":{"line":54,"column":7}},"type":"if","locations":[{"start":{"line":48,"column":13},"end":{"line":54,"column":7}},{"start":{"line":50,"column":13},"end":{"line":54,"column":7}}]},"3":{"loc":{"start":{"line":50,"column":13},"end":{"line":54,"column":7}},"type":"if","locations":[{"start":{"line":50,"column":13},"end":{"line":54,"column":7}},{"start":{"line":52,"column":13},"end":{"line":54,"column":7}}]},"4":{"loc":{"start":{"line":57,"column":16},"end":{"line":57,"column":40}},"type":"binary-expr","locations":[{"start":{"line":57,"column":16},"end":{"line":57,"column":34}},{"start":{"line":57,"column":38},"end":{"line":57,"column":40}}]},"5":{"loc":{"start":{"line":58,"column":16},"end":{"line":58,"column":52}},"type":"binary-expr","locations":[{"start":{"line":58,"column":16},"end":{"line":58,"column":46}},{"start":{"line":58,"column":50},"end":{"line":58,"column":52}}]},"6":{"loc":{"start":{"line":59,"column":15},"end":{"line":59,"column":38}},"type":"binary-expr","locations":[{"start":{"line":59,"column":15},"end":{"line":59,"column":32}},{"start":{"line":59,"column":36},"end":{"line":59,"column":38}}]},"7":{"loc":{"start":{"line":60,"column":22},"end":{"line":60,"column":52}},"type":"binary-expr","locations":[{"start":{"line":60,"column":22},"end":{"line":60,"column":46}},{"start":{"line":60,"column":50},"end":{"line":60,"column":52}}]},"8":{"loc":{"start":{"line":85,"column":4},"end":{"line":105,"column":5}},"type":"if","locations":[{"start":{"line":85,"column":4},"end":{"line":105,"column":5}},{"start":{},"end":{}}]},"9":{"loc":{"start":{"line":88,"column":6},"end":{"line":96,"column":7}},"type":"if","locations":[{"start":{"line":88,"column":6},"end":{"line":96,"column":7}},{"start":{"line":90,"column":13},"end":{"line":96,"column":7}}]},"10":{"loc":{"start":{"line":90,"column":13},"end":{"line":96,"column":7}},"type":"if","locations":[{"start":{"line":90,"column":13},"end":{"line":96,"column":7}},{"start":{"line":92,"column":13},"end":{"line":96,"column":7}}]},"11":{"loc":{"start":{"line":92,"column":13},"end":{"line":96,"column":7}},"type":"if","locations":[{"start":{"line":92,"column":13},"end":{"line":96,"column":7}},{"start":{"line":94,"column":13},"end":{"line":96,"column":7}}]},"12":{"loc":{"start":{"line":99,"column":16},"end":{"line":99,"column":40}},"type":"binary-expr","locations":[{"start":{"line":99,"column":16},"end":{"line":99,"column":34}},{"start":{"line":99,"column":38},"end":{"line":99,"column":40}}]},"13":{"loc":{"start":{"line":100,"column":16},"end":{"line":100,"column":52}},"type":"binary-expr","locations":[{"start":{"line":100,"column":16},"end":{"line":100,"column":46}},{"start":{"line":100,"column":50},"end":{"line":100,"column":52}}]},"14":{"loc":{"start":{"line":101,"column":15},"end":{"line":101,"column":38}},"type":"binary-expr","locations":[{"start":{"line":101,"column":15},"end":{"line":101,"column":32}},{"start":{"line":101,"column":36},"end":{"line":101,"column":38}}]},"15":{"loc":{"start":{"line":102,"column":22},"end":{"line":102,"column":52}},"type":"binary-expr","locations":[{"start":{"line":102,"column":22},"end":{"line":102,"column":46}},{"start":{"line":102,"column":50},"end":{"line":102,"column":52}}]},"16":{"loc":{"start":{"line":112,"column":4},"end":{"line":115,"column":5}},"type":"if","locations":[{"start":{"line":112,"column":4},"end":{"line":115,"column":5}},{"start":{},"end":{}}]},"17":{"loc":{"start":{"line":120,"column":6},"end":{"line":124,"column":7}},"type":"if","locations":[{"start":{"line":120,"column":6},"end":{"line":124,"column":7}},{"start":{},"end":{}}]},"18":{"loc":{"start":{"line":120,"column":10},"end":{"line":120,"column":65}},"type":"binary-expr","locations":[{"start":{"line":120,"column":10},"end":{"line":120,"column":26}},{"start":{"line":120,"column":30},"end":{"line":120,"column":45}},{"start":{"line":120,"column":49},"end":{"line":120,"column":65}}]},"19":{"loc":{"start":{"line":128,"column":6},"end":{"line":132,"column":7}},"type":"if","locations":[{"start":{"line":128,"column":6},"end":{"line":132,"column":7}},{"start":{},"end":{}}]},"20":{"loc":{"start":{"line":135,"column":6},"end":{"line":139,"column":7}},"type":"if","locations":[{"start":{"line":135,"column":6},"end":{"line":139,"column":7}},{"start":{},"end":{}}]},"21":{"loc":{"start":{"line":135,"column":10},"end":{"line":135,"column":83}},"type":"binary-expr","locations":[{"start":{"line":135,"column":10},"end":{"line":135,"column":29}},{"start":{"line":135,"column":33},"end":{"line":135,"column":83}}]},"22":{"loc":{"start":{"line":166,"column":11},"end":{"line":169,"column":null}},"type":"binary-expr","locations":[{"start":{"line":166,"column":11},"end":{"line":166,"column":19}},{"start":{"line":167,"column":12},"end":{"line":167,"column":null}}]},"23":{"loc":{"start":{"line":177,"column":11},"end":{"line":190,"column":null}},"type":"cond-expr","locations":[{"start":{"line":178,"column":12},"end":{"line":185,"column":null}},{"start":{"line":188,"column":12},"end":{"line":189,"column":null}}]},"24":{"loc":{"start":{"line":189,"column":15},"end":{"line":189,"column":52}},"type":"binary-expr","locations":[{"start":{"line":189,"column":15},"end":{"line":189,"column":33}},{"start":{"line":189,"column":37},"end":{"line":189,"column":52}}]},"25":{"loc":{"start":{"line":192,"column":11},"end":{"line":195,"column":null}},"type":"binary-expr","locations":[{"start":{"line":192,"column":11},"end":{"line":192,"column":20}},{"start":{"line":193,"column":12},"end":{"line":193,"column":null}}]},"26":{"loc":{"start":{"line":203,"column":11},"end":{"line":216,"column":null}},"type":"cond-expr","locations":[{"start":{"line":204,"column":12},"end":{"line":211,"column":null}},{"start":{"line":214,"column":12},"end":{"line":215,"column":null}}]},"27":{"loc":{"start":{"line":215,"column":15},"end":{"line":215,"column":52}},"type":"binary-expr","locations":[{"start":{"line":215,"column":15},"end":{"line":215,"column":33}},{"start":{"line":215,"column":37},"end":{"line":215,"column":52}}]},"28":{"loc":{"start":{"line":218,"column":11},"end":{"line":221,"column":null}},"type":"binary-expr","locations":[{"start":{"line":218,"column":11},"end":{"line":218,"column":20}},{"start":{"line":219,"column":12},"end":{"line":219,"column":null}}]},"29":{"loc":{"start":{"line":229,"column":11},"end":{"line":242,"column":null}},"type":"cond-expr","locations":[{"start":{"line":230,"column":12},"end":{"line":237,"column":null}},{"start":{"line":240,"column":12},"end":{"line":241,"column":null}}]},"30":{"loc":{"start":{"line":241,"column":15},"end":{"line":241,"column":51}},"type":"binary-expr","locations":[{"start":{"line":241,"column":15},"end":{"line":241,"column":32}},{"start":{"line":241,"column":36},"end":{"line":241,"column":51}}]},"31":{"loc":{"start":{"line":244,"column":11},"end":{"line":247,"column":null}},"type":"binary-expr","locations":[{"start":{"line":244,"column":11},"end":{"line":244,"column":20}},{"start":{"line":245,"column":12},"end":{"line":245,"column":null}}]},"32":{"loc":{"start":{"line":255,"column":11},"end":{"line":267,"column":null}},"type":"cond-expr","locations":[{"start":{"line":256,"column":12},"end":{"line":262,"column":null}},{"start":{"line":265,"column":12},"end":{"line":266,"column":null}}]},"33":{"loc":{"start":{"line":266,"column":15},"end":{"line":266,"column":58}},"type":"binary-expr","locations":[{"start":{"line":266,"column":15},"end":{"line":266,"column":39}},{"start":{"line":266,"column":43},"end":{"line":266,"column":58}}]},"34":{"loc":{"start":{"line":269,"column":11},"end":{"line":272,"column":null}},"type":"binary-expr","locations":[{"start":{"line":269,"column":11},"end":{"line":269,"column":20}},{"start":{"line":270,"column":12},"end":{"line":270,"column":null}}]},"35":{"loc":{"start":{"line":276,"column":9},"end":{"line":287,"column":null}},"type":"binary-expr","locations":[{"start":{"line":276,"column":9},"end":{"line":276,"column":33}},{"start":{"line":277,"column":10},"end":{"line":286,"column":null}}]},"36":{"loc":{"start":{"line":282,"column":15},"end":{"line":282,"column":61}},"type":"binary-expr","locations":[{"start":{"line":282,"column":15},"end":{"line":282,"column":44}},{"start":{"line":282,"column":48},"end":{"line":282,"column":61}}]},"37":{"loc":{"start":{"line":313,"column":9},"end":{"line":358,"column":null}},"type":"cond-expr","locations":[{"start":{"line":314,"column":10},"end":{"line":340,"column":null}},{"start":{"line":343,"column":10},"end":{"line":357,"column":null}}]},"38":{"loc":{"start":{"line":329,"column":15},"end":{"line":338,"column":null}},"type":"cond-expr","locations":[{"start":{"line":330,"column":16},"end":{"line":334,"column":null}},{"start":{"line":338,"column":16},"end":{"line":338,"column":33}}]}},"s":{"0":1,"1":1,"2":1,"3":29,"4":29,"5":14,"6":14,"7":14,"8":11,"9":3,"10":1,"11":2,"12":1,"13":1,"14":14,"15":14,"16":29,"17":29,"18":29,"19":29,"20":0,"21":0,"22":0,"23":29,"24":1,"25":1,"26":1,"27":1,"28":0,"29":0,"30":0,"31":0,"32":0,"33":1,"34":1,"35":29,"36":1,"37":1,"38":0,"39":0,"40":1,"41":1,"42":1,"43":0,"44":0,"45":0,"46":1,"47":1,"48":0,"49":0,"50":0,"51":1,"52":1,"53":0,"54":0,"55":0,"56":1,"57":1,"58":1,"59":0,"60":1,"61":29,"62":1},"f":{"0":29,"1":14,"2":0,"3":0,"4":1,"5":1},"b":{"0":[14,0],"1":[11,3],"2":[1,2],"3":[1,1],"4":[14,0],"5":[14,0],"6":[14,0],"7":[14,0],"8":[1,0],"9":[1,0],"10":[0,0],"11":[0,0],"12":[1,0],"13":[1,0],"14":[1,0],"15":[1,0],"16":[0,1],"17":[0,1],"18":[1,1,1],"19":[0,1],"20":[0,1],"21":[1,1],"22":[29,27],"23":[13,16],"24":[16,0],"25":[29,13],"26":[13,16],"27":[16,0],"28":[29,13],"29":[13,16],"30":[16,0],"31":[29,13],"32":[13,16],"33":[16,0],"34":[29,13],"35":[29,2],"36":[2,0],"37":[13,16],"38":[0,13]}}
,"C:\\GitHub\\Q-Manager\\src\\pages\\QueueView\\QueueStatus.tsx": {"path":"C:\\GitHub\\Q-Manager\\src\\pages\\QueueView\\QueueStatus.tsx","statementMap":{"0":{"start":{"line":1,"column":0},"end":{"line":1,"column":59}},"1":{"start":{"line":3,"column":0},"end":{"line":3,"column":83}},"2":{"start":{"line":5,"column":0},"end":{"line":5,"column":56}},"3":{"start":{"line":6,"column":0},"end":{"line":6,"column":50}},"4":{"start":{"line":7,"column":0},"end":{"line":7,"column":97}},"5":{"start":{"line":8,"column":0},"end":{"line":8,"column":58}},"6":{"start":{"line":9,"column":0},"end":{"line":9,"column":61}},"7":{"start":{"line":53,"column":34},"end":{"line":519,"column":1}},"8":{"start":{"line":54,"column":40},"end":{"line":54,"column":74}},"9":{"start":{"line":56,"column":32},"end":{"line":56,"column":46}},"10":{"start":{"line":57,"column":28},"end":{"line":57,"column":57}},"11":{"start":{"line":59,"column":32},"end":{"line":59,"column":74}},"12":{"start":{"line":62,"column":29},"end":{"line":62,"column":61}},"13":{"start":{"line":65,"column":15},"end":{"line":65,"column":24}},"14":{"start":{"line":68,"column":38},"end":{"line":68,"column":62}},"15":{"start":{"line":70,"column":32},"end":{"line":70,"column":56}},"16":{"start":{"line":72,"column":2},"end":{"line":124,"column":36}},"17":{"start":{"line":74,"column":28},"end":{"line":121,"column":5}},"18":{"start":{"line":75,"column":6},"end":{"line":120,"column":7}},"19":{"start":{"line":77,"column":8},"end":{"line":87,"column":9}},"20":{"start":{"line":79,"column":10},"end":{"line":79,"column":81}},"21":{"start":{"line":82,"column":10},"end":{"line":86,"column":11}},"22":{"start":{"line":83,"column":12},"end":{"line":83,"column":105}},"23":{"start":{"line":84,"column":12},"end":{"line":84,"column":65}},"24":{"start":{"line":85,"column":12},"end":{"line":85,"column":19}},"25":{"start":{"line":90,"column":8},"end":{"line":117,"column":9}},"26":{"start":{"line":92,"column":34},"end":{"line":96,"column":21}},"27":{"start":{"line":98,"column":10},"end":{"line":102,"column":11}},"28":{"start":{"line":99,"column":12},"end":{"line":99,"column":64}},"29":{"start":{"line":100,"column":17},"end":{"line":102,"column":11}},"30":{"start":{"line":101,"column":12},"end":{"line":101,"column":59}},"31":{"start":{"line":105,"column":57},"end":{"line":109,"column":21}},"32":{"start":{"line":111,"column":10},"end":{"line":116,"column":11}},"33":{"start":{"line":112,"column":12},"end":{"line":112,"column":78}},"34":{"start":{"line":113,"column":17},"end":{"line":116,"column":11}},"35":{"start":{"line":114,"column":12},"end":{"line":114,"column":73}},"36":{"start":{"line":115,"column":12},"end":{"line":115,"column":50}},"37":{"start":{"line":119,"column":8},"end":{"line":119,"column":60}},"38":{"start":{"line":123,"column":4},"end":{"line":123,"column":22}},"39":{"start":{"line":126,"column":2},"end":{"line":164,"column":25}},"40":{"start":{"line":128,"column":25},"end":{"line":144,"column":5}},"41":{"start":{"line":129,"column":6},"end":{"line":143,"column":7}},"42":{"start":{"line":131,"column":32},"end":{"line":131,"column":71}},"43":{"start":{"line":132,"column":8},"end":{"line":136,"column":9}},"44":{"start":{"line":133,"column":10},"end":{"line":133,"column":55}},"45":{"start":{"line":135,"column":10},"end":{"line":135,"column":50}},"46":{"start":{"line":138,"column":8},"end":{"line":138,"column":20}},"47":{"start":{"line":140,"column":8},"end":{"line":140,"column":51}},"48":{"start":{"line":142,"column":8},"end":{"line":142,"column":20}},"49":{"start":{"line":146,"column":4},"end":{"line":146,"column":19}},"50":{"start":{"line":149,"column":30},"end":{"line":155,"column":6}},"51":{"start":{"line":150,"column":6},"end":{"line":150,"column":45}},"52":{"start":{"line":152,"column":6},"end":{"line":152,"column":74}},"53":{"start":{"line":152,"column":25},"end":{"line":152,"column":72}},"54":{"start":{"line":154,"column":6},"end":{"line":154,"column":18}},"55":{"start":{"line":158,"column":23},"end":{"line":158,"column":52}},"56":{"start":{"line":160,"column":4},"end":{"line":163,"column":6}},"57":{"start":{"line":161,"column":6},"end":{"line":161,"column":26}},"58":{"start":{"line":162,"column":6},"end":{"line":162,"column":32}},"59":{"start":{"line":167,"column":2},"end":{"line":174,"column":16}},"60":{"start":{"line":168,"column":4},"end":{"line":173,"column":5}},"61":{"start":{"line":169,"column":22},"end":{"line":171,"column":14}},"62":{"start":{"line":170,"column":8},"end":{"line":170,"column":23}},"63":{"start":{"line":172,"column":6},"end":{"line":172,"column":41}},"64":{"start":{"line":172,"column":19},"end":{"line":172,"column":40}},"65":{"start":{"line":176,"column":20},"end":{"line":209,"column":3}},"66":{"start":{"line":177,"column":4},"end":{"line":208,"column":5}},"67":{"start":{"line":178,"column":6},"end":{"line":178,"column":23}},"68":{"start":{"line":181,"column":6},"end":{"line":183,"column":7}},"69":{"start":{"line":182,"column":8},"end":{"line":182,"column":49}},"70":{"start":{"line":189,"column":25},"end":{"line":189,"column":47}},"71":{"start":{"line":191,"column":6},"end":{"line":191,"column":33}},"72":{"start":{"line":202,"column":6},"end":{"line":202,"column":21}},"73":{"start":{"line":204,"column":6},"end":{"line":204,"column":49}},"74":{"start":{"line":205,"column":6},"end":{"line":205,"column":44}},"75":{"start":{"line":207,"column":6},"end":{"line":207,"column":24}},"76":{"start":{"line":211,"column":24},"end":{"line":214,"column":3}},"77":{"start":{"line":212,"column":4},"end":{"line":212,"column":30}},"78":{"start":{"line":212,"column":17},"end":{"line":212,"column":30}},"79":{"start":{"line":213,"column":4},"end":{"line":213,"column":67}},"80":{"start":{"line":213,"column":34},"end":{"line":213,"column":65}},"81":{"start":{"line":217,"column":27},"end":{"line":268,"column":3}},"82":{"start":{"line":218,"column":4},"end":{"line":218,"column":29}},"83":{"start":{"line":218,"column":17},"end":{"line":218,"column":29}},"84":{"start":{"line":220,"column":23},"end":{"line":220,"column":44}},"85":{"start":{"line":222,"column":4},"end":{"line":267,"column":6}},"86":{"start":{"line":270,"column":27},"end":{"line":311,"column":3}},"87":{"start":{"line":271,"column":23},"end":{"line":271,"column":44}},"88":{"start":{"line":273,"column":4},"end":{"line":310,"column":6}},"89":{"start":{"line":313,"column":2},"end":{"line":315,"column":3}},"90":{"start":{"line":314,"column":4},"end":{"line":314,"column":70}},"91":{"start":{"line":317,"column":2},"end":{"line":518,"column":4}},"92":{"start":{"line":328,"column":27},"end":{"line":328,"column":41}},"93":{"start":{"line":521,"column":0},"end":{"line":521,"column":31}}},"fnMap":{"0":{"name":"(anonymous_10)","decl":{"start":{"line":53,"column":34},"end":{"line":53,"column":37}},"loc":{"start":{"line":53,"column":39},"end":{"line":519,"column":1}}},"1":{"name":"(anonymous_11)","decl":{"start":{"line":72,"column":12},"end":{"line":72,"column":15}},"loc":{"start":{"line":72,"column":17},"end":{"line":124,"column":3}}},"2":{"name":"(anonymous_12)","decl":{"start":{"line":74,"column":28},"end":{"line":74,"column":33}},"loc":{"start":{"line":74,"column":39},"end":{"line":121,"column":5}}},"3":{"name":"(anonymous_13)","decl":{"start":{"line":126,"column":12},"end":{"line":126,"column":15}},"loc":{"start":{"line":126,"column":17},"end":{"line":164,"column":3}}},"4":{"name":"(anonymous_14)","decl":{"start":{"line":128,"column":25},"end":{"line":128,"column":30}},"loc":{"start":{"line":128,"column":36},"end":{"line":144,"column":5}}},"5":{"name":"(anonymous_15)","decl":{"start":{"line":149,"column":55},"end":{"line":149,"column":56}},"loc":{"start":{"line":149,"column":72},"end":{"line":155,"column":5}}},"6":{"name":"(anonymous_16)","decl":{"start":{"line":152,"column":17},"end":{"line":152,"column":21}},"loc":{"start":{"line":152,"column":25},"end":{"line":152,"column":72}}},"7":{"name":"(anonymous_17)","decl":{"start":{"line":160,"column":11},"end":{"line":160,"column":14}},"loc":{"start":{"line":160,"column":16},"end":{"line":163,"column":5}}},"8":{"name":"(anonymous_18)","decl":{"start":{"line":167,"column":12},"end":{"line":167,"column":15}},"loc":{"start":{"line":167,"column":17},"end":{"line":174,"column":3}}},"9":{"name":"(anonymous_19)","decl":{"start":{"line":169,"column":33},"end":{"line":169,"column":36}},"loc":{"start":{"line":169,"column":38},"end":{"line":171,"column":7}}},"10":{"name":"(anonymous_20)","decl":{"start":{"line":172,"column":13},"end":{"line":172,"column":16}},"loc":{"start":{"line":172,"column":19},"end":{"line":172,"column":40}}},"11":{"name":"(anonymous_21)","decl":{"start":{"line":176,"column":20},"end":{"line":176,"column":25}},"loc":{"start":{"line":176,"column":31},"end":{"line":209,"column":3}}},"12":{"name":"(anonymous_22)","decl":{"start":{"line":211,"column":24},"end":{"line":211,"column":25}},"loc":{"start":{"line":211,"column":50},"end":{"line":214,"column":3}}},"13":{"name":"(anonymous_23)","decl":{"start":{"line":213,"column":24},"end":{"line":213,"column":30}},"loc":{"start":{"line":213,"column":34},"end":{"line":213,"column":65}}},"14":{"name":"(anonymous_24)","decl":{"start":{"line":217,"column":27},"end":{"line":217,"column":28}},"loc":{"start":{"line":217,"column":109},"end":{"line":268,"column":3}}},"15":{"name":"(anonymous_25)","decl":{"start":{"line":270,"column":27},"end":{"line":270,"column":28}},"loc":{"start":{"line":270,"column":46},"end":{"line":311,"column":3}}},"16":{"name":"(anonymous_26)","decl":{"start":{"line":328,"column":21},"end":{"line":328,"column":24}},"loc":{"start":{"line":328,"column":27},"end":{"line":328,"column":41}}}},"branchMap":{"0":{"loc":{"start":{"line":77,"column":8},"end":{"line":87,"column":9}},"type":"if","locations":[{"start":{"line":77,"column":8},"end":{"line":87,"column":9}},{"start":{},"end":{}}]},"1":{"loc":{"start":{"line":79,"column":21},"end":{"line":79,"column":79}},"type":"binary-expr","locations":[{"start":{"line":79,"column":21},"end":{"line":79,"column":46}},{"start":{"line":79,"column":50},"end":{"line":79,"column":79}}]},"2":{"loc":{"start":{"line":82,"column":10},"end":{"line":86,"column":11}},"type":"if","locations":[{"start":{"line":82,"column":10},"end":{"line":86,"column":11}},{"start":{},"end":{}}]},"3":{"loc":{"start":{"line":82,"column":14},"end":{"line":82,"column":79}},"type":"binary-expr","locations":[{"start":{"line":82,"column":14},"end":{"line":82,"column":38}},{"start":{"line":82,"column":42},"end":{"line":82,"column":79}}]},"4":{"loc":{"start":{"line":90,"column":8},"end":{"line":117,"column":9}},"type":"if","locations":[{"start":{"line":90,"column":8},"end":{"line":117,"column":9}},{"start":{},"end":{}}]},"5":{"loc":{"start":{"line":98,"column":10},"end":{"line":102,"column":11}},"type":"if","locations":[{"start":{"line":98,"column":10},"end":{"line":102,"column":11}},{"start":{"line":100,"column":17},"end":{"line":102,"column":11}}]},"6":{"loc":{"start":{"line":100,"column":17},"end":{"line":102,"column":11}},"type":"if","locations":[{"start":{"line":100,"column":17},"end":{"line":102,"column":11}},{"start":{},"end":{}}]},"7":{"loc":{"start":{"line":101,"column":23},"end":{"line":101,"column":57}},"type":"binary-expr","locations":[{"start":{"line":101,"column":23},"end":{"line":101,"column":36}},{"start":{"line":101,"column":40},"end":{"line":101,"column":57}}]},"8":{"loc":{"start":{"line":111,"column":10},"end":{"line":116,"column":11}},"type":"if","locations":[{"start":{"line":111,"column":10},"end":{"line":116,"column":11}},{"start":{"line":113,"column":17},"end":{"line":116,"column":11}}]},"9":{"loc":{"start":{"line":111,"column":14},"end":{"line":111,"column":58}},"type":"binary-expr","locations":[{"start":{"line":111,"column":14},"end":{"line":111,"column":24}},{"start":{"line":111,"column":28},"end":{"line":111,"column":58}}]},"10":{"loc":{"start":{"line":113,"column":17},"end":{"line":116,"column":11}},"type":"if","locations":[{"start":{"line":113,"column":17},"end":{"line":116,"column":11}},{"start":{},"end":{}}]},"11":{"loc":{"start":{"line":132,"column":8},"end":{"line":136,"column":9}},"type":"if","locations":[{"start":{"line":132,"column":8},"end":{"line":136,"column":9}},{"start":{"line":134,"column":15},"end":{"line":136,"column":9}}]},"12":{"loc":{"start":{"line":168,"column":4},"end":{"line":173,"column":5}},"type":"if","locations":[{"start":{"line":168,"column":4},"end":{"line":173,"column":5}},{"start":{},"end":{}}]},"13":{"loc":{"start":{"line":181,"column":6},"end":{"line":183,"column":7}},"type":"if","locations":[{"start":{"line":181,"column":6},"end":{"line":183,"column":7}},{"start":{},"end":{}}]},"14":{"loc":{"start":{"line":212,"column":4},"end":{"line":212,"column":30}},"type":"if","locations":[{"start":{"line":212,"column":4},"end":{"line":212,"column":30}},{"start":{},"end":{}}]},"15":{"loc":{"start":{"line":217,"column":66},"end":{"line":217,"column":88}},"type":"default-arg","locations":[{"start":{"line":217,"column":83},"end":{"line":217,"column":88}}]},"16":{"loc":{"start":{"line":217,"column":90},"end":{"line":217,"column":105}},"type":"default-arg","locations":[{"start":{"line":217,"column":103},"end":{"line":217,"column":105}}]},"17":{"loc":{"start":{"line":218,"column":4},"end":{"line":218,"column":29}},"type":"if","locations":[{"start":{"line":218,"column":4},"end":{"line":218,"column":29}},{"start":{},"end":{}}]},"18":{"loc":{"start":{"line":224,"column":61},"end":{"line":224,"column":136}},"type":"cond-expr","locations":[{"start":{"line":224,"column":78},"end":{"line":224,"column":105}},{"start":{"line":224,"column":108},"end":{"line":224,"column":136}}]},"19":{"loc":{"start":{"line":225,"column":17},"end":{"line":232,"column":14}},"type":"cond-expr","locations":[{"start":{"line":225,"column":30},"end":{"line":232,"column":10}},{"start":{"line":232,"column":12},"end":{"line":232,"column":14}}]},"20":{"loc":{"start":{"line":237,"column":11},"end":{"line":240,"column":null}},"type":"binary-expr","locations":[{"start":{"line":237,"column":11},"end":{"line":237,"column":25}},{"start":{"line":238,"column":12},"end":{"line":238,"column":null}}]},"21":{"loc":{"start":{"line":244,"column":51},"end":{"line":244,"column":100}},"type":"cond-expr","locations":[{"start":{"line":244,"column":68},"end":{"line":244,"column":82}},{"start":{"line":244,"column":85},"end":{"line":244,"column":100}}]},"22":{"loc":{"start":{"line":249,"column":9},"end":{"line":252,"column":null}},"type":"binary-expr","locations":[{"start":{"line":249,"column":9},"end":{"line":249,"column":16}},{"start":{"line":249,"column":20},"end":{"line":249,"column":34}},{"start":{"line":250,"column":10},"end":{"line":251,"column":null}}]},"23":{"loc":{"start":{"line":254,"column":9},"end":{"line":257,"column":null}},"type":"binary-expr","locations":[{"start":{"line":254,"column":9},"end":{"line":254,"column":16}},{"start":{"line":255,"column":10},"end":{"line":256,"column":null}}]},"24":{"loc":{"start":{"line":256,"column":58},"end":{"line":256,"column":96}},"type":"binary-expr","locations":[{"start":{"line":256,"column":58},"end":{"line":256,"column":79}},{"start":{"line":256,"column":83},"end":{"line":256,"column":96}}]},"25":{"loc":{"start":{"line":261,"column":75},"end":{"line":262,"column":67}},"type":"cond-expr","locations":[{"start":{"line":262,"column":12},"end":{"line":262,"column":37}},{"start":{"line":262,"column":40},"end":{"line":262,"column":67}}]},"26":{"loc":{"start":{"line":263,"column":13},"end":{"line":263,"column":58}},"type":"cond-expr","locations":[{"start":{"line":263,"column":34},"end":{"line":263,"column":47}},{"start":{"line":263,"column":50},"end":{"line":263,"column":58}}]},"27":{"loc":{"start":{"line":276,"column":17},"end":{"line":283,"column":14}},"type":"cond-expr","locations":[{"start":{"line":276,"column":30},"end":{"line":283,"column":10}},{"start":{"line":283,"column":12},"end":{"line":283,"column":14}}]},"28":{"loc":{"start":{"line":292,"column":13},"end":{"line":292,"column":51}},"type":"binary-expr","locations":[{"start":{"line":292,"column":13},"end":{"line":292,"column":34}},{"start":{"line":292,"column":38},"end":{"line":292,"column":51}}]},"29":{"loc":{"start":{"line":294,"column":11},"end":{"line":297,"column":null}},"type":"binary-expr","locations":[{"start":{"line":294,"column":11},"end":{"line":294,"column":25}},{"start":{"line":295,"column":12},"end":{"line":296,"column":null}}]},"30":{"loc":{"start":{"line":300,"column":77},"end":{"line":301,"column":69}},"type":"cond-expr","locations":[{"start":{"line":301,"column":14},"end":{"line":301,"column":39}},{"start":{"line":301,"column":42},"end":{"line":301,"column":69}}]},"31":{"loc":{"start":{"line":302,"column":15},"end":{"line":302,"column":60}},"type":"cond-expr","locations":[{"start":{"line":302,"column":36},"end":{"line":302,"column":49}},{"start":{"line":302,"column":52},"end":{"line":302,"column":60}}]},"32":{"loc":{"start":{"line":313,"column":2},"end":{"line":315,"column":3}},"type":"if","locations":[{"start":{"line":313,"column":2},"end":{"line":315,"column":3}},{"start":{},"end":{}}]},"33":{"loc":{"start":{"line":313,"column":6},"end":{"line":313,"column":29}},"type":"binary-expr","locations":[{"start":{"line":313,"column":6},"end":{"line":313,"column":13}},{"start":{"line":313,"column":17},"end":{"line":313,"column":29}}]},"34":{"loc":{"start":{"line":323,"column":7},"end":{"line":332,"column":null}},"type":"binary-expr","locations":[{"start":{"line":323,"column":7},"end":{"line":323,"column":12}},{"start":{"line":324,"column":8},"end":{"line":331,"column":null}}]},"35":{"loc":{"start":{"line":336,"column":7},"end":{"line":340,"column":null}},"type":"binary-expr","locations":[{"start":{"line":336,"column":7},"end":{"line":336,"column":31}},{"start":{"line":337,"column":8},"end":{"line":339,"column":null}}]},"36":{"loc":{"start":{"line":344,"column":7},"end":{"line":412,"column":null}},"type":"binary-expr","locations":[{"start":{"line":344,"column":8},"end":{"line":344,"column":15}},{"start":{"line":344,"column":19},"end":{"line":344,"column":29}},{"start":{"line":345,"column":8},"end":{"line":411,"column":null}}]},"37":{"loc":{"start":{"line":353,"column":13},"end":{"line":359,"column":null}},"type":"cond-expr","locations":[{"start":{"line":354,"column":14},"end":{"line":354,"column":112}},{"start":{"line":356,"column":14},"end":{"line":358,"column":null}}]},"38":{"loc":{"start":{"line":363,"column":15},"end":{"line":399,"column":null}},"type":"cond-expr","locations":[{"start":{"line":364,"column":16},"end":{"line":365,"column":null}},{"start":{"line":396,"column":16},"end":{"line":398,"column":null}}]},"39":{"loc":{"start":{"line":370,"column":31},"end":{"line":372,"column":52}},"type":"cond-expr","locations":[{"start":{"line":371,"column":22},"end":{"line":371,"column":126}},{"start":{"line":372,"column":22},"end":{"line":372,"column":52}}]},"40":{"loc":{"start":{"line":403,"column":13},"end":{"line":409,"column":null}},"type":"cond-expr","locations":[{"start":{"line":404,"column":14},"end":{"line":404,"column":110}},{"start":{"line":406,"column":14},"end":{"line":408,"column":null}}]},"41":{"loc":{"start":{"line":403,"column":13},"end":{"line":403,"column":95}},"type":"binary-expr","locations":[{"start":{"line":403,"column":13},"end":{"line":403,"column":47}},{"start":{"line":403,"column":51},"end":{"line":403,"column":95}}]},"42":{"loc":{"start":{"line":416,"column":7},"end":{"line":484,"column":null}},"type":"binary-expr","locations":[{"start":{"line":416,"column":8},"end":{"line":416,"column":15}},{"start":{"line":416,"column":19},"end":{"line":416,"column":30}},{"start":{"line":417,"column":8},"end":{"line":483,"column":null}}]},"43":{"loc":{"start":{"line":425,"column":13},"end":{"line":431,"column":null}},"type":"cond-expr","locations":[{"start":{"line":426,"column":14},"end":{"line":426,"column":111}},{"start":{"line":428,"column":14},"end":{"line":430,"column":null}}]},"44":{"loc":{"start":{"line":435,"column":15},"end":{"line":471,"column":null}},"type":"cond-expr","locations":[{"start":{"line":436,"column":16},"end":{"line":437,"column":null}},{"start":{"line":468,"column":16},"end":{"line":470,"column":null}}]},"45":{"loc":{"start":{"line":442,"column":31},"end":{"line":444,"column":52}},"type":"cond-expr","locations":[{"start":{"line":443,"column":22},"end":{"line":443,"column":126}},{"start":{"line":444,"column":22},"end":{"line":444,"column":52}}]},"46":{"loc":{"start":{"line":475,"column":13},"end":{"line":481,"column":null}},"type":"cond-expr","locations":[{"start":{"line":476,"column":14},"end":{"line":476,"column":98}},{"start":{"line":478,"column":14},"end":{"line":480,"column":null}}]},"47":{"loc":{"start":{"line":475,"column":13},"end":{"line":475,"column":91}},"type":"binary-expr","locations":[{"start":{"line":475,"column":13},"end":{"line":475,"column":45}},{"start":{"line":475,"column":49},"end":{"line":475,"column":91}}]},"48":{"loc":{"start":{"line":496,"column":7},"end":{"line":515,"column":null}},"type":"binary-expr","locations":[{"start":{"line":496,"column":7},"end":{"line":496,"column":14}},{"start":{"line":496,"column":18},"end":{"line":496,"column":41}},{"start":{"line":497,"column":8},"end":{"line":514,"column":null}}]}},"s":{"0":1,"1":1,"2":1,"3":1,"4":1,"5":1,"6":1,"7":1,"8":28,"9":28,"10":28,"11":28,"12":28,"13":28,"14":28,"15":28,"16":28,"17":14,"18":14,"19":14,"20":1,"21":1,"22":1,"23":1,"24":1,"25":13,"26":13,"27":13,"28":0,"29":13,"30":13,"31":13,"32":13,"33":0,"34":13,"35":13,"36":13,"37":0,"38":14,"39":28,"40":14,"41":14,"42":14,"43":13,"44":0,"45":13,"46":13,"47":1,"48":1,"49":14,"50":14,"51":0,"52":0,"53":0,"54":0,"55":14,"56":14,"57":14,"58":14,"59":28,"60":14,"61":0,"62":0,"63":0,"64":0,"65":28,"66":14,"67":14,"68":14,"69":0,"70":14,"71":13,"72":13,"73":1,"74":1,"75":14,"76":28,"77":24,"78":0,"79":24,"80":0,"81":28,"82":11,"83":0,"84":11,"85":11,"86":28,"87":1,"88":1,"89":28,"90":15,"91":13,"92":0,"93":1},"f":{"0":28,"1":14,"2":14,"3":14,"4":14,"5":0,"6":0,"7":14,"8":14,"9":0,"10":0,"11":14,"12":24,"13":0,"14":11,"15":1,"16":0},"b":{"0":[1,13],"1":[1,0],"2":[1,0],"3":[1,1],"4":[13,0],"5":[0,13],"6":[13,0],"7":[13,12],"8":[0,13],"9":[13,0],"10":[13,0],"11":[0,13],"12":[0,14],"13":[0,14],"14":[0,24],"15":[0],"16":[0],"17":[0,11],"18":[0,11],"19":[0,11],"20":[11,0],"21":[0,11],"22":[11,2,2],"23":[11,2],"24":[2,0],"25":[0,11],"26":[0,11],"27":[0,1],"28":[1,0],"29":[1,1],"30":[0,1],"31":[0,1],"32":[15,13],"33":[28,15],"34":[13,1],"35":[13,1],"36":[13,11,3],"37":[0,3],"38":[1,2],"39":[0,1],"40":[0,3],"41":[3,3],"42":[13,11,12],"43":[0,12],"44":[11,1],"45":[0,11],"46":[11,1],"47":[12,11],"48":[13,2,2]}}
,"C:\\GitHub\\Q-Manager\\src\\pages\\TicketHistorycopy\\TicketHistorycopy.tsx": {"path":"C:\\GitHub\\Q-Manager\\src\\pages\\TicketHistorycopy\\TicketHistorycopy.tsx","statementMap":{"0":{"start":{"line":1,"column":0},"end":{"line":1,"column":51}},"1":{"start":{"line":2,"column":0},"end":{"line":2,"column":47}},"2":{"start":{"line":3,"column":0},"end":{"line":3,"column":58}},"3":{"start":{"line":4,"column":0},"end":{"line":4,"column":55}},"4":{"start":{"line":6,"column":0},"end":{"line":6,"column":55}},"5":{"start":{"line":7,"column":0},"end":{"line":7,"column":47}},"6":{"start":{"line":8,"column":0},"end":{"line":8,"column":61}},"7":{"start":{"line":10,"column":36},"end":{"line":123,"column":1}},"8":{"start":{"line":11,"column":15},"end":{"line":11,"column":24}},"9":{"start":{"line":12,"column":19},"end":{"line":12,"column":32}},"10":{"start":{"line":13,"column":32},"end":{"line":13,"column":66}},"11":{"start":{"line":14,"column":32},"end":{"line":14,"column":55}},"12":{"start":{"line":15,"column":28},"end":{"line":15,"column":57}},"13":{"start":{"line":17,"column":2},"end":{"line":35,"column":23}},"14":{"start":{"line":18,"column":4},"end":{"line":20,"column":5}},"15":{"start":{"line":19,"column":6},"end":{"line":19,"column":25}},"16":{"start":{"line":19,"column":26},"end":{"line":19,"column":33}},"17":{"start":{"line":21,"column":25},"end":{"line":33,"column":5}},"18":{"start":{"line":22,"column":6},"end":{"line":22,"column":23}},"19":{"start":{"line":22,"column":24},"end":{"line":22,"column":39}},"20":{"start":{"line":23,"column":6},"end":{"line":32,"column":7}},"21":{"start":{"line":24,"column":21},"end":{"line":24,"column":41}},"22":{"start":{"line":25,"column":8},"end":{"line":25,"column":25}},"23":{"start":{"line":27,"column":20},"end":{"line":27,"column":61}},"24":{"start":{"line":28,"column":8},"end":{"line":28,"column":22}},"25":{"start":{"line":29,"column":8},"end":{"line":29,"column":25}},"26":{"start":{"line":31,"column":8},"end":{"line":31,"column":26}},"27":{"start":{"line":34,"column":4},"end":{"line":34,"column":19}},"28":{"start":{"line":37,"column":21},"end":{"line":38,"column":126}},"29":{"start":{"line":38,"column":4},"end":{"line":38,"column":126}},"30":{"start":{"line":40,"column":17},"end":{"line":40,"column":45}},"31":{"start":{"line":40,"column":23},"end":{"line":40,"column":45}},"32":{"start":{"line":43,"column":23},"end":{"line":43,"column":167}},"33":{"start":{"line":45,"column":2},"end":{"line":47,"column":3}},"34":{"start":{"line":46,"column":4},"end":{"line":46,"column":73}},"35":{"start":{"line":49,"column":2},"end":{"line":122,"column":4}},"36":{"start":{"line":85,"column":18},"end":{"line":85,"column":38}},"37":{"start":{"line":125,"column":0},"end":{"line":125,"column":33}}},"fnMap":{"0":{"name":"(anonymous_10)","decl":{"start":{"line":10,"column":36},"end":{"line":10,"column":39}},"loc":{"start":{"line":10,"column":41},"end":{"line":123,"column":1}}},"1":{"name":"(anonymous_11)","decl":{"start":{"line":17,"column":12},"end":{"line":17,"column":15}},"loc":{"start":{"line":17,"column":17},"end":{"line":35,"column":3}}},"2":{"name":"(anonymous_12)","decl":{"start":{"line":21,"column":25},"end":{"line":21,"column":30}},"loc":{"start":{"line":21,"column":36},"end":{"line":33,"column":5}}},"3":{"name":"(anonymous_13)","decl":{"start":{"line":37,"column":21},"end":{"line":37,"column":22}},"loc":{"start":{"line":38,"column":4},"end":{"line":38,"column":126}}},"4":{"name":"(anonymous_14)","decl":{"start":{"line":40,"column":17},"end":{"line":40,"column":20}},"loc":{"start":{"line":40,"column":23},"end":{"line":40,"column":45}}},"5":{"name":"(anonymous_15)","decl":{"start":{"line":84,"column":29},"end":{"line":84,"column":35}},"loc":{"start":{"line":85,"column":18},"end":{"line":85,"column":38}}}},"branchMap":{"0":{"loc":{"start":{"line":18,"column":4},"end":{"line":20,"column":5}},"type":"if","locations":[{"start":{"line":18,"column":4},"end":{"line":20,"column":5}},{"start":{},"end":{}}]},"1":{"loc":{"start":{"line":27,"column":20},"end":{"line":27,"column":61}},"type":"binary-expr","locations":[{"start":{"line":27,"column":20},"end":{"line":27,"column":46}},{"start":{"line":27,"column":50},"end":{"line":27,"column":61}}]},"2":{"loc":{"start":{"line":45,"column":2},"end":{"line":47,"column":3}},"type":"if","locations":[{"start":{"line":45,"column":2},"end":{"line":47,"column":3}},{"start":{},"end":{}}]},"3":{"loc":{"start":{"line":58,"column":9},"end":{"line":61,"column":null}},"type":"binary-expr","locations":[{"start":{"line":58,"column":9},"end":{"line":58,"column":14}},{"start":{"line":59,"column":10},"end":{"line":60,"column":null}}]},"4":{"loc":{"start":{"line":64,"column":9},"end":{"line":68,"column":null}},"type":"binary-expr","locations":[{"start":{"line":64,"column":9},"end":{"line":64,"column":24}},{"start":{"line":64,"column":28},"end":{"line":64,"column":34}},{"start":{"line":65,"column":10},"end":{"line":67,"column":null}}]},"5":{"loc":{"start":{"line":71,"column":9},"end":{"line":118,"column":null}},"type":"binary-expr","locations":[{"start":{"line":71,"column":9},"end":{"line":71,"column":27}},{"start":{"line":72,"column":10},"end":{"line":117,"column":null}}]},"6":{"loc":{"start":{"line":88,"column":23},"end":{"line":88,"column":156}},"type":"binary-expr","locations":[{"start":{"line":88,"column":23},"end":{"line":88,"column":41}},{"start":{"line":88,"column":45},"end":{"line":88,"column":156}}]},"7":{"loc":{"start":{"line":93,"column":24},"end":{"line":95,"column":null}},"type":"cond-expr","locations":[{"start":{"line":94,"column":28},"end":{"line":94,"column":78}},{"start":{"line":95,"column":28},"end":{"line":95,"column":null}}]},"8":{"loc":{"start":{"line":98,"column":25},"end":{"line":101,"column":null}},"type":"binary-expr","locations":[{"start":{"line":98,"column":25},"end":{"line":98,"column":54}},{"start":{"line":99,"column":26},"end":{"line":100,"column":null}}]},"9":{"loc":{"start":{"line":104,"column":25},"end":{"line":107,"column":null}},"type":"binary-expr","locations":[{"start":{"line":104,"column":25},"end":{"line":104,"column":53}},{"start":{"line":105,"column":26},"end":{"line":106,"column":null}}]},"10":{"loc":{"start":{"line":109,"column":25},"end":{"line":109,"column":63}},"type":"binary-expr","locations":[{"start":{"line":109,"column":25},"end":{"line":109,"column":46}},{"start":{"line":109,"column":50},"end":{"line":109,"column":63}}]},"11":{"loc":{"start":{"line":113,"column":90},"end":{"line":113,"column":132}},"type":"binary-expr","locations":[{"start":{"line":113,"column":90},"end":{"line":113,"column":113}},{"start":{"line":113,"column":117},"end":{"line":113,"column":132}}]}},"s":{"0":1,"1":1,"2":1,"3":1,"4":1,"5":1,"6":1,"7":1,"8":16,"9":16,"10":16,"11":16,"12":16,"13":16,"14":9,"15":1,"16":1,"17":8,"18":8,"19":8,"20":8,"21":8,"22":5,"23":2,"24":2,"25":2,"26":7,"27":8,"28":16,"29":8,"30":16,"31":1,"32":16,"33":16,"34":9,"35":7,"36":8,"37":1},"f":{"0":16,"1":9,"2":8,"3":8,"4":1,"5":8},"b":{"0":[1,8],"1":[2,1],"2":[9,7],"3":[7,2],"4":[7,3,1],"5":[7,4],"6":[8,4],"7":[4,4],"8":[8,4],"9":[8,4],"10":[8,0],"11":[8,0]}}
,"C:\\GitHub\\Q-Manager\\src\\pages\\WorkerDashboardcopy\\ManageQueuecopy.tsx": {"path":"C:\\GitHub\\Q-Manager\\src\\pages\\WorkerDashboardcopy\\ManageQueuecopy.tsx","statementMap":{"0":{"start":{"line":1,"column":0},"end":{"line":1,"column":51}},"1":{"start":{"line":2,"column":0},"end":{"line":2,"column":47}},"2":{"start":{"line":3,"column":0},"end":{"line":3,"column":null}},"3":{"start":{"line":15,"column":0},"end":{"line":15,"column":58}},"4":{"start":{"line":16,"column":0},"end":{"line":16,"column":61}},"5":{"start":{"line":18,"column":30},"end":{"line":444,"column":1}},"6":{"start":{"line":19,"column":19},"end":{"line":19,"column":32}},"7":{"start":{"line":20,"column":15},"end":{"line":20,"column":24}},"8":{"start":{"line":21,"column":42},"end":{"line":21,"column":69}},"9":{"start":{"line":22,"column":32},"end":{"line":22,"column":46}},"10":{"start":{"line":23,"column":28},"end":{"line":23,"column":57}},"11":{"start":{"line":24,"column":44},"end":{"line":24,"column":78}},"12":{"start":{"line":25,"column":44},"end":{"line":25,"column":73}},"13":{"start":{"line":26,"column":32},"end":{"line":26,"column":61}},"14":{"start":{"line":27,"column":34},"end":{"line":27,"column":102}},"15":{"start":{"line":28,"column":54},"end":{"line":28,"column":78}},"16":{"start":{"line":30,"column":2},"end":{"line":58,"column":23}},"17":{"start":{"line":32,"column":4},"end":{"line":57,"column":5}},"18":{"start":{"line":33,"column":22},"end":{"line":37,"column":8}},"19":{"start":{"line":40,"column":6},"end":{"line":42,"column":7}},"20":{"start":{"line":41,"column":8},"end":{"line":41,"column":29}},"21":{"start":{"line":45,"column":23},"end":{"line":45,"column":54}},"22":{"start":{"line":46,"column":4},"end":{"line":56,"column":5}},"23":{"start":{"line":47,"column":25},"end":{"line":47,"column":47}},"24":{"start":{"line":48,"column":6},"end":{"line":51,"column":7}},"25":{"start":{"line":49,"column":8},"end":{"line":49,"column":50}},"26":{"start":{"line":50,"column":8},"end":{"line":50,"column":15}},"27":{"start":{"line":52,"column":6},"end":{"line":52,"column":30}},"28":{"start":{"line":54,"column":6},"end":{"line":54,"column":44}},"29":{"start":{"line":55,"column":6},"end":{"line":55,"column":13}},"30":{"start":{"line":61,"column":2},"end":{"line":67,"column":9}},"31":{"start":{"line":62,"column":25},"end":{"line":64,"column":5}},"32":{"start":{"line":63,"column":6},"end":{"line":63,"column":35}},"33":{"start":{"line":66,"column":4},"end":{"line":66,"column":19}},"34":{"start":{"line":70,"column":2},"end":{"line":74,"column":17}},"35":{"start":{"line":71,"column":4},"end":{"line":73,"column":5}},"36":{"start":{"line":72,"column":6},"end":{"line":72,"column":26}},"37":{"start":{"line":77,"column":2},"end":{"line":81,"column":22}},"38":{"start":{"line":78,"column":4},"end":{"line":80,"column":5}},"39":{"start":{"line":79,"column":6},"end":{"line":79,"column":27}},"40":{"start":{"line":83,"column":29},"end":{"line":93,"column":3}},"41":{"start":{"line":84,"column":4},"end":{"line":84,"column":31}},"42":{"start":{"line":84,"column":24},"end":{"line":84,"column":31}},"43":{"start":{"line":86,"column":4},"end":{"line":92,"column":5}},"44":{"start":{"line":87,"column":21},"end":{"line":87,"column":61}},"45":{"start":{"line":88,"column":6},"end":{"line":88,"column":31}},"46":{"start":{"line":90,"column":6},"end":{"line":90,"column":59}},"47":{"start":{"line":95,"column":28},"end":{"line":125,"column":3}},"48":{"start":{"line":96,"column":4},"end":{"line":124,"column":5}},"49":{"start":{"line":97,"column":6},"end":{"line":97,"column":23}},"50":{"start":{"line":101,"column":32},"end":{"line":101,"column":34}},"51":{"start":{"line":103,"column":6},"end":{"line":109,"column":7}},"52":{"start":{"line":104,"column":8},"end":{"line":108,"column":9}},"53":{"start":{"line":105,"column":10},"end":{"line":105,"column":44}},"54":{"start":{"line":107,"column":10},"end":{"line":107,"column":58}},"55":{"start":{"line":111,"column":6},"end":{"line":111,"column":28}},"56":{"start":{"line":114,"column":6},"end":{"line":116,"column":7}},"57":{"start":{"line":115,"column":8},"end":{"line":115,"column":34}},"58":{"start":{"line":118,"column":6},"end":{"line":118,"column":21}},"59":{"start":{"line":120,"column":6},"end":{"line":120,"column":58}},"60":{"start":{"line":121,"column":6},"end":{"line":121,"column":55}},"61":{"start":{"line":123,"column":6},"end":{"line":123,"column":24}},"62":{"start":{"line":127,"column":34},"end":{"line":134,"column":3}},"63":{"start":{"line":128,"column":4},"end":{"line":128,"column":28}},"64":{"start":{"line":129,"column":4},"end":{"line":129,"column":21}},"65":{"start":{"line":130,"column":4},"end":{"line":130,"column":33}},"66":{"start":{"line":136,"column":27},"end":{"line":155,"column":3}},"67":{"start":{"line":137,"column":4},"end":{"line":137,"column":44}},"68":{"start":{"line":137,"column":37},"end":{"line":137,"column":44}},"69":{"start":{"line":139,"column":4},"end":{"line":154,"column":5}},"70":{"start":{"line":140,"column":23},"end":{"line":140,"column":81}},"71":{"start":{"line":143,"column":6},"end":{"line":143,"column":32}},"72":{"start":{"line":146,"column":6},"end":{"line":146,"column":33}},"73":{"start":{"line":147,"column":6},"end":{"line":147,"column":63}},"74":{"start":{"line":150,"column":6},"end":{"line":150,"column":29}},"75":{"start":{"line":152,"column":6},"end":{"line":152,"column":61}},"76":{"start":{"line":153,"column":6},"end":{"line":153,"column":58}},"77":{"start":{"line":157,"column":27},"end":{"line":216,"column":3}},"78":{"start":{"line":158,"column":4},"end":{"line":158,"column":31}},"79":{"start":{"line":158,"column":24},"end":{"line":158,"column":31}},"80":{"start":{"line":160,"column":4},"end":{"line":215,"column":5}},"81":{"start":{"line":162,"column":6},"end":{"line":171,"column":7}},"82":{"start":{"line":163,"column":8},"end":{"line":170,"column":9}},"83":{"start":{"line":165,"column":10},"end":{"line":165,"column":65}},"84":{"start":{"line":166,"column":10},"end":{"line":166,"column":96}},"85":{"start":{"line":168,"column":10},"end":{"line":168,"column":74}},"86":{"start":{"line":173,"column":23},"end":{"line":173,"column":57}},"87":{"start":{"line":176,"column":6},"end":{"line":196,"column":7}},"88":{"start":{"line":178,"column":6},"end":{"line":184,"column":9}},"89":{"start":{"line":179,"column":8},"end":{"line":179,"column":42}},"90":{"start":{"line":180,"column":10},"end":{"line":180,"column":39}},"91":{"start":{"line":182,"column":10},"end":{"line":182,"column":33}},"92":{"start":{"line":183,"column":10},"end":{"line":183,"column":38}},"93":{"start":{"line":185,"column":8},"end":{"line":185,"column":37}},"94":{"start":{"line":186,"column":13},"end":{"line":196,"column":7}},"95":{"start":{"line":188,"column":8},"end":{"line":188,"column":35}},"96":{"start":{"line":189,"column":8},"end":{"line":189,"column":37}},"97":{"start":{"line":190,"column":8},"end":{"line":190,"column":52}},"98":{"start":{"line":193,"column":8},"end":{"line":193,"column":31}},"99":{"start":{"line":194,"column":8},"end":{"line":194,"column":36}},"100":{"start":{"line":195,"column":8},"end":{"line":195,"column":59}},"101":{"start":{"line":199,"column":6},"end":{"line":199,"column":32}},"102":{"start":{"line":200,"column":27},"end":{"line":200,"column":76}},"103":{"start":{"line":200,"column":50},"end":{"line":200,"column":75}},"104":{"start":{"line":201,"column":6},"end":{"line":203,"column":7}},"105":{"start":{"line":202,"column":8},"end":{"line":202,"column":39}},"106":{"start":{"line":206,"column":6},"end":{"line":206,"column":55}},"107":{"start":{"line":207,"column":6},"end":{"line":207,"column":55}},"108":{"start":{"line":210,"column":6},"end":{"line":214,"column":7}},"109":{"start":{"line":211,"column":8},"end":{"line":211,"column":31}},"110":{"start":{"line":212,"column":8},"end":{"line":212,"column":36}},"111":{"start":{"line":213,"column":8},"end":{"line":213,"column":59}},"112":{"start":{"line":218,"column":28},"end":{"line":232,"column":3}},"113":{"start":{"line":219,"column":4},"end":{"line":219,"column":31}},"114":{"start":{"line":219,"column":24},"end":{"line":219,"column":31}},"115":{"start":{"line":221,"column":4},"end":{"line":231,"column":5}},"116":{"start":{"line":222,"column":23},"end":{"line":222,"column":69}},"117":{"start":{"line":223,"column":6},"end":{"line":223,"column":33}},"118":{"start":{"line":224,"column":6},"end":{"line":224,"column":106}},"119":{"start":{"line":227,"column":6},"end":{"line":227,"column":32}},"120":{"start":{"line":229,"column":6},"end":{"line":229,"column":50}},"121":{"start":{"line":230,"column":6},"end":{"line":230,"column":62}},"122":{"start":{"line":234,"column":2},"end":{"line":236,"column":3}},"123":{"start":{"line":235,"column":4},"end":{"line":235,"column":69}},"124":{"start":{"line":238,"column":2},"end":{"line":443,"column":4}},"125":{"start":{"line":251,"column":31},"end":{"line":251,"column":45}},"126":{"start":{"line":263,"column":31},"end":{"line":263,"column":47}},"127":{"start":{"line":287,"column":22},"end":{"line":288,"column":null}},"128":{"start":{"line":290,"column":39},"end":{"line":290,"column":69}},"129":{"start":{"line":446,"column":0},"end":{"line":446,"column":27}}},"fnMap":{"0":{"name":"(anonymous_10)","decl":{"start":{"line":18,"column":30},"end":{"line":18,"column":33}},"loc":{"start":{"line":18,"column":35},"end":{"line":444,"column":1}}},"1":{"name":"(anonymous_11)","decl":{"start":{"line":30,"column":12},"end":{"line":30,"column":15}},"loc":{"start":{"line":30,"column":17},"end":{"line":58,"column":3}}},"2":{"name":"(anonymous_12)","decl":{"start":{"line":61,"column":12},"end":{"line":61,"column":15}},"loc":{"start":{"line":61,"column":17},"end":{"line":67,"column":3}}},"3":{"name":"(anonymous_13)","decl":{"start":{"line":62,"column":25},"end":{"line":62,"column":30}},"loc":{"start":{"line":62,"column":36},"end":{"line":64,"column":5}}},"4":{"name":"(anonymous_14)","decl":{"start":{"line":70,"column":12},"end":{"line":70,"column":15}},"loc":{"start":{"line":70,"column":17},"end":{"line":74,"column":3}}},"5":{"name":"(anonymous_15)","decl":{"start":{"line":77,"column":12},"end":{"line":77,"column":15}},"loc":{"start":{"line":77,"column":17},"end":{"line":81,"column":3}}},"6":{"name":"(anonymous_16)","decl":{"start":{"line":83,"column":29},"end":{"line":83,"column":34}},"loc":{"start":{"line":83,"column":40},"end":{"line":93,"column":3}}},"7":{"name":"(anonymous_17)","decl":{"start":{"line":95,"column":28},"end":{"line":95,"column":33}},"loc":{"start":{"line":95,"column":39},"end":{"line":125,"column":3}}},"8":{"name":"(anonymous_18)","decl":{"start":{"line":127,"column":34},"end":{"line":127,"column":39}},"loc":{"start":{"line":127,"column":63},"end":{"line":134,"column":3}}},"9":{"name":"(anonymous_19)","decl":{"start":{"line":136,"column":27},"end":{"line":136,"column":32}},"loc":{"start":{"line":136,"column":38},"end":{"line":155,"column":3}}},"10":{"name":"(anonymous_20)","decl":{"start":{"line":157,"column":27},"end":{"line":157,"column":32}},"loc":{"start":{"line":157,"column":38},"end":{"line":216,"column":3}}},"11":{"name":"(anonymous_21)","decl":{"start":{"line":200,"column":45},"end":{"line":200,"column":46}},"loc":{"start":{"line":200,"column":50},"end":{"line":200,"column":75}}},"12":{"name":"(anonymous_22)","decl":{"start":{"line":218,"column":28},"end":{"line":218,"column":33}},"loc":{"start":{"line":218,"column":39},"end":{"line":232,"column":3}}},"13":{"name":"(anonymous_23)","decl":{"start":{"line":251,"column":25},"end":{"line":251,"column":28}},"loc":{"start":{"line":251,"column":31},"end":{"line":251,"column":45}}},"14":{"name":"(anonymous_24)","decl":{"start":{"line":263,"column":25},"end":{"line":263,"column":28}},"loc":{"start":{"line":263,"column":31},"end":{"line":263,"column":47}}},"15":{"name":"(anonymous_25)","decl":{"start":{"line":286,"column":38},"end":{"line":286,"column":43}},"loc":{"start":{"line":287,"column":22},"end":{"line":288,"column":null}}},"16":{"name":"(anonymous_26)","decl":{"start":{"line":290,"column":33},"end":{"line":290,"column":36}},"loc":{"start":{"line":290,"column":39},"end":{"line":290,"column":69}}}},"branchMap":{"0":{"loc":{"start":{"line":32,"column":4},"end":{"line":57,"column":5}},"type":"if","locations":[{"start":{"line":32,"column":4},"end":{"line":57,"column":5}},{"start":{"line":43,"column":11},"end":{"line":57,"column":5}}]},"1":{"loc":{"start":{"line":32,"column":8},"end":{"line":32,"column":25}},"type":"binary-expr","locations":[{"start":{"line":32,"column":8},"end":{"line":32,"column":12}},{"start":{"line":32,"column":16},"end":{"line":32,"column":25}}]},"2":{"loc":{"start":{"line":35,"column":14},"end":{"line":35,"column":55}},"type":"binary-expr","locations":[{"start":{"line":35,"column":14},"end":{"line":35,"column":43}},{"start":{"line":35,"column":47},"end":{"line":35,"column":55}}]},"3":{"loc":{"start":{"line":36,"column":18},"end":{"line":36,"column":60}},"type":"binary-expr","locations":[{"start":{"line":36,"column":18},"end":{"line":36,"column":51}},{"start":{"line":36,"column":55},"end":{"line":36,"column":60}}]},"4":{"loc":{"start":{"line":40,"column":6},"end":{"line":42,"column":7}},"type":"if","locations":[{"start":{"line":40,"column":6},"end":{"line":42,"column":7}},{"start":{},"end":{}}]},"5":{"loc":{"start":{"line":46,"column":4},"end":{"line":56,"column":5}},"type":"if","locations":[{"start":{"line":46,"column":4},"end":{"line":56,"column":5}},{"start":{"line":53,"column":11},"end":{"line":56,"column":5}}]},"6":{"loc":{"start":{"line":48,"column":6},"end":{"line":51,"column":7}},"type":"if","locations":[{"start":{"line":48,"column":6},"end":{"line":51,"column":7}},{"start":{},"end":{}}]},"7":{"loc":{"start":{"line":71,"column":4},"end":{"line":73,"column":5}},"type":"if","locations":[{"start":{"line":71,"column":4},"end":{"line":73,"column":5}},{"start":{},"end":{}}]},"8":{"loc":{"start":{"line":78,"column":4},"end":{"line":80,"column":5}},"type":"if","locations":[{"start":{"line":78,"column":4},"end":{"line":80,"column":5}},{"start":{},"end":{}}]},"9":{"loc":{"start":{"line":84,"column":4},"end":{"line":84,"column":31}},"type":"if","locations":[{"start":{"line":84,"column":4},"end":{"line":84,"column":31}},{"start":{},"end":{}}]},"10":{"loc":{"start":{"line":103,"column":6},"end":{"line":109,"column":7}},"type":"if","locations":[{"start":{"line":103,"column":6},"end":{"line":109,"column":7}},{"start":{},"end":{}}]},"11":{"loc":{"start":{"line":104,"column":8},"end":{"line":108,"column":9}},"type":"if","locations":[{"start":{"line":104,"column":8},"end":{"line":108,"column":9}},{"start":{"line":106,"column":15},"end":{"line":108,"column":9}}]},"12":{"loc":{"start":{"line":114,"column":6},"end":{"line":116,"column":7}},"type":"if","locations":[{"start":{"line":114,"column":6},"end":{"line":116,"column":7}},{"start":{},"end":{}}]},"13":{"loc":{"start":{"line":114,"column":10},"end":{"line":114,"column":50}},"type":"binary-expr","locations":[{"start":{"line":114,"column":10},"end":{"line":114,"column":27}},{"start":{"line":114,"column":31},"end":{"line":114,"column":50}}]},"14":{"loc":{"start":{"line":137,"column":4},"end":{"line":137,"column":44}},"type":"if","locations":[{"start":{"line":137,"column":4},"end":{"line":137,"column":44}},{"start":{},"end":{}}]},"15":{"loc":{"start":{"line":137,"column":8},"end":{"line":137,"column":35}},"type":"binary-expr","locations":[{"start":{"line":137,"column":8},"end":{"line":137,"column":22}},{"start":{"line":137,"column":26},"end":{"line":137,"column":35}}]},"16":{"loc":{"start":{"line":158,"column":4},"end":{"line":158,"column":31}},"type":"if","locations":[{"start":{"line":158,"column":4},"end":{"line":158,"column":31}},{"start":{},"end":{}}]},"17":{"loc":{"start":{"line":162,"column":6},"end":{"line":171,"column":7}},"type":"if","locations":[{"start":{"line":162,"column":6},"end":{"line":171,"column":7}},{"start":{},"end":{}}]},"18":{"loc":{"start":{"line":176,"column":6},"end":{"line":196,"column":7}},"type":"if","locations":[{"start":{"line":176,"column":6},"end":{"line":196,"column":7}},{"start":{"line":186,"column":13},"end":{"line":196,"column":7}}]},"19":{"loc":{"start":{"line":176,"column":10},"end":{"line":176,"column":74}},"type":"binary-expr","locations":[{"start":{"line":176,"column":10},"end":{"line":176,"column":18}},{"start":{"line":176,"column":22},"end":{"line":176,"column":50}},{"start":{"line":176,"column":54},"end":{"line":176,"column":74}}]},"20":{"loc":{"start":{"line":178,"column":6},"end":{"line":184,"column":9}},"type":"if","locations":[{"start":{"line":178,"column":6},"end":{"line":184,"column":9}},{"start":{"line":181,"column":15},"end":{"line":184,"column":9}}]},"21":{"loc":{"start":{"line":186,"column":13},"end":{"line":196,"column":7}},"type":"if","locations":[{"start":{"line":186,"column":13},"end":{"line":196,"column":7}},{"start":{"line":191,"column":13},"end":{"line":196,"column":7}}]},"22":{"loc":{"start":{"line":201,"column":6},"end":{"line":203,"column":7}},"type":"if","locations":[{"start":{"line":201,"column":6},"end":{"line":203,"column":7}},{"start":{},"end":{}}]},"23":{"loc":{"start":{"line":210,"column":6},"end":{"line":214,"column":7}},"type":"if","locations":[{"start":{"line":210,"column":6},"end":{"line":214,"column":7}},{"start":{},"end":{}}]},"24":{"loc":{"start":{"line":210,"column":10},"end":{"line":210,"column":74}},"type":"binary-expr","locations":[{"start":{"line":210,"column":10},"end":{"line":210,"column":21}},{"start":{"line":210,"column":25},"end":{"line":210,"column":74}}]},"25":{"loc":{"start":{"line":219,"column":4},"end":{"line":219,"column":31}},"type":"if","locations":[{"start":{"line":219,"column":4},"end":{"line":219,"column":31}},{"start":{},"end":{}}]},"26":{"loc":{"start":{"line":224,"column":17},"end":{"line":224,"column":104}},"type":"cond-expr","locations":[{"start":{"line":224,"column":48},"end":{"line":224,"column":76}},{"start":{"line":224,"column":79},"end":{"line":224,"column":104}}]},"27":{"loc":{"start":{"line":234,"column":2},"end":{"line":236,"column":3}},"type":"if","locations":[{"start":{"line":234,"column":2},"end":{"line":236,"column":3}},{"start":{},"end":{}}]},"28":{"loc":{"start":{"line":246,"column":11},"end":{"line":255,"column":null}},"type":"binary-expr","locations":[{"start":{"line":246,"column":11},"end":{"line":246,"column":16}},{"start":{"line":247,"column":12},"end":{"line":254,"column":null}}]},"29":{"loc":{"start":{"line":258,"column":11},"end":{"line":267,"column":null}},"type":"binary-expr","locations":[{"start":{"line":258,"column":11},"end":{"line":258,"column":18}},{"start":{"line":259,"column":12},"end":{"line":266,"column":null}}]},"30":{"loc":{"start":{"line":270,"column":11},"end":{"line":438,"column":null}},"type":"cond-expr","locations":[{"start":{"line":271,"column":12},"end":{"line":275,"column":null}},{"start":{"line":278,"column":12},"end":{"line":437,"column":null}}]},"31":{"loc":{"start":{"line":283,"column":21},"end":{"line":283,"column":95}},"type":"cond-expr","locations":[{"start":{"line":283,"column":42},"end":{"line":283,"column":70}},{"start":{"line":283,"column":73},"end":{"line":283,"column":95}}]},"32":{"loc":{"start":{"line":289,"column":74},"end":{"line":289,"column":126}},"type":"cond-expr","locations":[{"start":{"line":289,"column":107},"end":{"line":289,"column":121}},{"start":{"line":289,"column":124},"end":{"line":289,"column":126}}]},"33":{"loc":{"start":{"line":295,"column":30},"end":{"line":295,"column":null}},"type":"cond-expr","locations":[{"start":{"line":295,"column":50},"end":{"line":295,"column":75}},{"start":{"line":295,"column":78},"end":{"line":295,"column":null}}]},"34":{"loc":{"start":{"line":297,"column":31},"end":{"line":297,"column":75}},"type":"cond-expr","locations":[{"start":{"line":297,"column":51},"end":{"line":297,"column":64}},{"start":{"line":297,"column":67},"end":{"line":297,"column":75}}]},"35":{"loc":{"start":{"line":304,"column":32},"end":{"line":306,"column":null}},"type":"cond-expr","locations":[{"start":{"line":304,"column":60},"end":{"line":304,"column":89}},{"start":{"line":305,"column":32},"end":{"line":306,"column":null}}]},"36":{"loc":{"start":{"line":305,"column":32},"end":{"line":306,"column":null}},"type":"cond-expr","locations":[{"start":{"line":305,"column":61},"end":{"line":305,"column":92}},{"start":{"line":306,"column":32},"end":{"line":306,"column":null}}]},"37":{"loc":{"start":{"line":308,"column":33},"end":{"line":308,"column":69}},"type":"binary-expr","locations":[{"start":{"line":308,"column":33},"end":{"line":308,"column":53}},{"start":{"line":308,"column":57},"end":{"line":308,"column":69}}]},"38":{"loc":{"start":{"line":313,"column":29},"end":{"line":313,"column":57}},"type":"binary-expr","locations":[{"start":{"line":313,"column":29},"end":{"line":313,"column":52}},{"start":{"line":313,"column":56},"end":{"line":313,"column":57}}]},"39":{"loc":{"start":{"line":324,"column":17},"end":{"line":435,"column":null}},"type":"cond-expr","locations":[{"start":{"line":325,"column":18},"end":{"line":428,"column":null}},{"start":{"line":431,"column":18},"end":{"line":434,"column":null}}]},"40":{"loc":{"start":{"line":333,"column":28},"end":{"line":333,"column":null}},"type":"cond-expr","locations":[{"start":{"line":333,"column":56},"end":{"line":333,"column":81}},{"start":{"line":333,"column":84},"end":{"line":333,"column":null}}]},"41":{"loc":{"start":{"line":335,"column":29},"end":{"line":335,"column":81}},"type":"cond-expr","locations":[{"start":{"line":335,"column":57},"end":{"line":335,"column":70}},{"start":{"line":335,"column":73},"end":{"line":335,"column":81}}]},"42":{"loc":{"start":{"line":338,"column":28},"end":{"line":340,"column":null}},"type":"cond-expr","locations":[{"start":{"line":338,"column":64},"end":{"line":338,"column":93}},{"start":{"line":339,"column":28},"end":{"line":340,"column":null}}]},"43":{"loc":{"start":{"line":339,"column":28},"end":{"line":340,"column":null}},"type":"cond-expr","locations":[{"start":{"line":339,"column":65},"end":{"line":339,"column":96}},{"start":{"line":340,"column":28},"end":{"line":340,"column":null}}]},"44":{"loc":{"start":{"line":342,"column":29},"end":{"line":342,"column":81}},"type":"binary-expr","locations":[{"start":{"line":342,"column":29},"end":{"line":342,"column":57}},{"start":{"line":342,"column":61},"end":{"line":342,"column":81}}]},"45":{"loc":{"start":{"line":348,"column":62},"end":{"line":348,"column":98}},"type":"binary-expr","locations":[{"start":{"line":348,"column":62},"end":{"line":348,"column":93}},{"start":{"line":348,"column":97},"end":{"line":348,"column":98}}]},"46":{"loc":{"start":{"line":353,"column":21},"end":{"line":392,"column":22}},"type":"cond-expr","locations":[{"start":{"line":354,"column":22},"end":{"line":356,"column":null}},{"start":{"line":358,"column":24},"end":{"line":392,"column":22}}]},"47":{"loc":{"start":{"line":358,"column":24},"end":{"line":392,"column":22}},"type":"cond-expr","locations":[{"start":{"line":359,"column":22},"end":{"line":385,"column":null}},{"start":{"line":387,"column":25},"end":{"line":391,"column":null}}]},"48":{"loc":{"start":{"line":363,"column":28},"end":{"line":363,"column":null}},"type":"cond-expr","locations":[{"start":{"line":363,"column":56},"end":{"line":363,"column":81}},{"start":{"line":363,"column":84},"end":{"line":363,"column":null}}]},"49":{"loc":{"start":{"line":365,"column":29},"end":{"line":365,"column":81}},"typ
[...]
":69,"column":31},"end":{"line":69,"column":32}},"loc":{"start":{"line":69,"column":53},"end":{"line":77,"column":5}}},"13":{"name":"(anonymous_13)","decl":{"start":{"line":79,"column":11},"end":{"line":79,"column":14}},"loc":{"start":{"line":79,"column":17},"end":{"line":79,"column":78}}},"14":{"name":"(anonymous_14)","decl":{"start":{"line":83,"column":12},"end":{"line":83,"column":15}},"loc":{"start":{"line":83,"column":17},"end":{"line":87,"column":3}}},"15":{"name":"(anonymous_15)","decl":{"start":{"line":92,"column":19},"end":{"line":92,"column":20}},"loc":{"start":{"line":93,"column":4},"end":{"line":93,"column":86}}},"16":{"name":"(anonymous_16)","decl":{"start":{"line":96,"column":25},"end":{"line":96,"column":26}},"loc":{"start":{"line":96,"column":65},"end":{"line":104,"column":3}}},"17":{"name":"(anonymous_17)","decl":{"start":{"line":110,"column":28},"end":{"line":110,"column":29}},"loc":{"start":{"line":110,"column":52},"end":{"line":115,"column":3}}},"18":{"name":"(anonymous_18)","decl":{"start":{"line":164,"column":25},"end":{"line":164,"column":28}},"loc":{"start":{"line":164,"column":31},"end":{"line":164,"column":53}}}},"branchMap":{"0":{"loc":{"start":{"line":70,"column":6},"end":{"line":76,"column":7}},"type":"if","locations":[{"start":{"line":70,"column":6},"end":{"line":76,"column":7}},{"start":{},"end":{}}]},"1":{"loc":{"start":{"line":71,"column":8},"end":{"line":73,"column":86}},"type":"binary-expr","locations":[{"start":{"line":71,"column":8},"end":{"line":71,"column":16}},{"start":{"line":72,"column":8},"end":{"line":72,"column":23}},{"start":{"line":72,"column":27},"end":{"line":72,"column":74}},{"start":{"line":73,"column":8},"end":{"line":73,"column":29}},{"start":{"line":73,"column":33},"end":{"line":73,"column":86}}]},"2":{"loc":{"start":{"line":78,"column":4},"end":{"line":78,"column":77}},"type":"if","locations":[{"start":{"line":78,"column":4},"end":{"line":78,"column":77}},{"start":{},"end":{}}]},"3":{"loc":{"start":{"line":84,"column":4},"end":{"line":86,"column":5}},"type":"if","locations":[{"start":{"line":84,"column":4},"end":{"line":86,"column":5}},{"start":{},"end":{}}]},"4":{"loc":{"start":{"line":93,"column":4},"end":{"line":93,"column":86}},"type":"cond-expr","locations":[{"start":{"line":93,"column":15},"end":{"line":93,"column":48}},{"start":{"line":93,"column":51},"end":{"line":93,"column":86}}]},"5":{"loc":{"start":{"line":101,"column":11},"end":{"line":103,"column":41}},"type":"cond-expr","locations":[{"start":{"line":102,"column":8},"end":{"line":102,"column":39}},{"start":{"line":103,"column":8},"end":{"line":103,"column":41}}]},"6":{"loc":{"start":{"line":120,"column":87},"end":{"line":120,"column":176}},"type":"cond-expr","locations":[{"start":{"line":120,"column":110},"end":{"line":120,"column":150}},{"start":{"line":120,"column":153},"end":{"line":120,"column":176}}]},"7":{"loc":{"start":{"line":120,"column":87},"end":{"line":120,"column":107}},"type":"binary-expr","locations":[{"start":{"line":120,"column":87},"end":{"line":120,"column":95}},{"start":{"line":120,"column":99},"end":{"line":120,"column":107}}]},"8":{"loc":{"start":{"line":128,"column":11},"end":{"line":156,"column":null}},"type":"binary-expr","locations":[{"start":{"line":128,"column":11},"end":{"line":128,"column":20}},{"start":{"line":129,"column":12},"end":{"line":155,"column":null}}]},"9":{"loc":{"start":{"line":134,"column":17},"end":{"line":135,"column":null}},"type":"binary-expr","locations":[{"start":{"line":134,"column":17},"end":{"line":134,"column":32}},{"start":{"line":135,"column":18},"end":{"line":135,"column":83}}]},"10":{"loc":{"start":{"line":140,"column":17},"end":{"line":153,"column":null}},"type":"cond-expr","locations":[{"start":{"line":141,"column":18},"end":{"line":147,"column":null}},{"start":{"line":150,"column":18},"end":{"line":152,"column":null}}]},"11":{"loc":{"start":{"line":160,"column":11},"end":{"line":179,"column":null}},"type":"binary-expr","locations":[{"start":{"line":160,"column":11},"end":{"line":160,"column":19}},{"start":{"line":161,"column":12},"end":{"line":178,"column":null}}]},"12":{"loc":{"start":{"line":171,"column":99},"end":{"line":171,"column":175}},"type":"cond-expr","locations":[{"start":{"line":171,"column":110},"end":{"line":171,"column":140}},{"start":{"line":171,"column":143},"end":{"line":171,"column":175}}]},"13":{"loc":{"start":{"line":174,"column":99},"end":{"line":174,"column":176}},"type":"cond-expr","locations":[{"start":{"line":174,"column":110},"end":{"line":174,"column":142}},{"start":{"line":174,"column":145},"end":{"line":174,"column":176}}]},"14":{"loc":{"start":{"line":185,"column":7},"end":{"line":263,"column":null}},"type":"binary-expr","locations":[{"start":{"line":185,"column":7},"end":{"line":185,"column":15}},{"start":{"line":186,"column":8},"end":{"line":262,"column":null}}]},"15":{"loc":{"start":{"line":189,"column":12},"end":{"line":191,"column":null}},"type":"cond-expr","locations":[{"start":{"line":190,"column":16},"end":{"line":190,"column":57}},{"start":{"line":191,"column":16},"end":{"line":191,"column":null}}]},"16":{"loc":{"start":{"line":206,"column":13},"end":{"line":214,"column":null}},"type":"binary-expr","locations":[{"start":{"line":206,"column":13},"end":{"line":206,"column":28}},{"start":{"line":207,"column":14},"end":{"line":213,"column":null}}]},"17":{"loc":{"start":{"line":226,"column":13},"end":{"line":256,"column":null}},"type":"cond-expr","locations":[{"start":{"line":227,"column":14},"end":{"line":236,"column":null}},{"start":{"line":239,"column":14},"end":{"line":255,"column":null}}]}},"s":{"0":1,"1":1,"2":1,"3":1,"4":8,"5":8,"6":5,"7":5,"8":5,"9":5,"10":5,"11":5,"12":5,"13":8,"14":1,"15":3,"16":1,"17":3,"18":1,"19":8,"20":8,"21":8,"22":2,"23":2,"24":2,"25":2,"26":1,"27":1,"28":1,"29":8,"30":8,"31":8,"32":8,"33":8,"34":8,"35":5,"36":0,"37":5,"38":5,"39":5,"40":8,"41":8,"42":1,"43":1,"44":8,"45":3,"46":8,"47":8,"48":8,"49":5,"50":0,"51":8,"52":8,"53":8,"54":8,"55":17,"56":8,"57":12,"58":12,"59":12,"60":12,"61":8,"62":8,"63":8,"64":2,"65":2,"66":2,"67":2,"68":8,"69":1,"70":1},"f":{"0":8,"1":5,"2":5,"3":5,"4":3,"5":3,"6":8,"7":2,"8":5,"9":0,"10":5,"11":8,"12":1,"13":8,"14":5,"15":17,"16":12,"17":2,"18":1},"b":{"0":[1,0],"1":[1,1,1,1,1],"2":[3,5],"3":[0,5],"4":[5,12],"5":[3,9],"6":[1,7],"7":[8,8],"8":[8,5],"9":[5,3],"10":[3,2],"11":[8,3],"12":[1,2],"13":[1,2],"14":[8,3],"15":[1,2],"16":[3,0],"17":[0,3]}}
,"C:\\GitHub\\Q-Manager\\src\\pages\\navbarcopy\\navbarcopy.tsx": {"path":"C:\\GitHub\\Q-Manager\\src\\pages\\navbarcopy\\navbarcopy.tsx","statementMap":{"0":{"start":{"line":1,"column":0},"end":{"line":1,"column":52}},"1":{"start":{"line":2,"column":0},"end":{"line":2,"column":49}},"2":{"start":{"line":3,"column":0},"end":{"line":3,"column":58}},"3":{"start":{"line":5,"column":22},"end":{"line":15,"column":1}},"4":{"start":{"line":6,"column":32},"end":{"line":6,"column":47}},"5":{"start":{"line":7,"column":2},"end":{"line":13,"column":14}},"6":{"start":{"line":8,"column":18},"end":{"line":8,"column":42}},"7":{"start":{"line":9,"column":19},"end":{"line":9,"column":50}},"8":{"start":{"line":9,"column":25},"end":{"line":9,"column":50}},"9":{"start":{"line":10,"column":4},"end":{"line":10,"column":13}},"10":{"start":{"line":11,"column":4},"end":{"line":11,"column":45}},"11":{"start":{"line":12,"column":4},"end":{"line":12,"column":61}},"12":{"start":{"line":12,"column":17},"end":{"line":12,"column":60}},"13":{"start":{"line":14,"column":2},"end":{"line":14,"column":17}},"14":{"start":{"line":17,"column":17},"end":{"line":20,"column":null}},"15":{"start":{"line":18,"column":2},"end":{"line":19,"column":null}},"16":{"start":{"line":23,"column":18},"end":{"line":26,"column":null}},"17":{"start":{"line":24,"column":2},"end":{"line":25,"column":null}},"18":{"start":{"line":31,"column":15},"end":{"line":267,"column":1}},"19":{"start":{"line":32,"column":15},"end":{"line":32,"column":24}},"20":{"start":{"line":33,"column":26},"end":{"line":33,"column":47}},"21":{"start":{"line":35,"column":23},"end":{"line":54,"column":3}},"22":{"start":{"line":36,"column":4},"end":{"line":53,"column":5}},"23":{"start":{"line":37,"column":6},"end":{"line":37,"column":53}},"24":{"start":{"line":40,"column":6},"end":{"line":40,"column":41}},"25":{"start":{"line":43,"column":6},"end":{"line":43,"column":26}},"26":{"start":{"line":46,"column":6},"end":{"line":46,"column":62}},"27":{"start":{"line":49,"column":6},"end":{"line":49,"column":54}},"28":{"start":{"line":52,"column":6},"end":{"line":52,"column":38}},"29":{"start":{"line":56,"column":19},"end":{"line":56,"column":54}},"30":{"start":{"line":57,"column":34},"end":{"line":57,"column":49}},"31":{"start":{"line":58,"column":34},"end":{"line":58,"column":49}},"32":{"start":{"line":59,"column":18},"end":{"line":59,"column":46}},"33":{"start":{"line":60,"column":24},"end":{"line":60,"column":55}},"34":{"start":{"line":62,"column":2},"end":{"line":66,"column":9}},"35":{"start":{"line":63,"column":21},"end":{"line":63,"column":59}},"36":{"start":{"line":63,"column":27},"end":{"line":63,"column":59}},"37":{"start":{"line":64,"column":4},"end":{"line":64,"column":67}},"38":{"start":{"line":65,"column":4},"end":{"line":65,"column":64}},"39":{"start":{"line":65,"column":17},"end":{"line":65,"column":63}},"40":{"start":{"line":68,"column":2},"end":{"line":80,"column":27}},"41":{"start":{"line":69,"column":31},"end":{"line":77,"column":5}},"42":{"start":{"line":70,"column":6},"end":{"line":76,"column":7}},"43":{"start":{"line":75,"column":8},"end":{"line":75,"column":27}},"44":{"start":{"line":78,"column":4},"end":{"line":78,"column":77}},"45":{"start":{"line":78,"column":18},"end":{"line":78,"column":77}},"46":{"start":{"line":79,"column":4},"end":{"line":79,"column":79}},"47":{"start":{"line":79,"column":17},"end":{"line":79,"column":78}},"48":{"start":{"line":83,"column":2},"end":{"line":87,"column":27}},"49":{"start":{"line":84,"column":4},"end":{"line":86,"column":5}},"50":{"start":{"line":85,"column":6},"end":{"line":85,"column":25}},"51":{"start":{"line":89,"column":22},"end":{"line":89,"column":283}},"52":{"start":{"line":90,"column":24},"end":{"line":90,"column":208}},"53":{"start":{"line":91,"column":26},"end":{"line":91,"column":66}},"54":{"start":{"line":92,"column":19},"end":{"line":93,"column":86}},"55":{"start":{"line":93,"column":4},"end":{"line":93,"column":86}},"56":{"start":{"line":96,"column":25},"end":{"line":104,"column":3}},"57":{"start":{"line":97,"column":23},"end":{"line":97,"column":148}},"58":{"start":{"line":98,"column":25},"end":{"line":98,"column":98}},"59":{"start":{"line":99,"column":27},"end":{"line":99,"column":89}},"60":{"start":{"line":101,"column":4},"end":{"line":103,"column":42}},"61":{"start":{"line":106,"column":20},"end":{"line":106,"column":347}},"62":{"start":{"line":107,"column":26},"end":{"line":107,"column":213}},"63":{"start":{"line":110,"column":28},"end":{"line":115,"column":3}},"64":{"start":{"line":111,"column":4},"end":{"line":111,"column":23}},"65":{"start":{"line":112,"column":4},"end":{"line":112,"column":24}},"66":{"start":{"line":113,"column":4},"end":{"line":113,"column":19}},"67":{"start":{"line":114,"column":4},"end":{"line":114,"column":17}},"68":{"start":{"line":119,"column":2},"end":{"line":266,"column":4}},"69":{"start":{"line":164,"column":31},"end":{"line":164,"column":53}},"70":{"start":{"line":269,"column":0},"end":{"line":269,"column":22}}},"fnMap":{"0":{"name":"(anonymous_0)","decl":{"start":{"line":5,"column":22},"end":{"line":5,"column":23}},"loc":{"start":{"line":5,"column":49},"end":{"line":15,"column":1}}},"1":{"name":"(anonymous_1)","decl":{"start":{"line":7,"column":12},"end":{"line":7,"column":15}},"loc":{"start":{"line":7,"column":17},"end":{"line":13,"column":3}}},"2":{"name":"(anonymous_2)","decl":{"start":{"line":9,"column":19},"end":{"line":9,"column":22}},"loc":{"start":{"line":9,"column":25},"end":{"line":9,"column":50}}},"3":{"name":"(anonymous_3)","decl":{"start":{"line":12,"column":11},"end":{"line":12,"column":14}},"loc":{"start":{"line":12,"column":17},"end":{"line":12,"column":60}}},"4":{"name":"(anonymous_4)","decl":{"start":{"line":17,"column":17},"end":{"line":17,"column":20}},"loc":{"start":{"line":18,"column":2},"end":{"line":19,"column":null}}},"5":{"name":"(anonymous_5)","decl":{"start":{"line":23,"column":18},"end":{"line":23,"column":21}},"loc":{"start":{"line":24,"column":2},"end":{"line":25,"column":null}}},"6":{"name":"(anonymous_6)","decl":{"start":{"line":31,"column":15},"end":{"line":31,"column":18}},"loc":{"start":{"line":31,"column":20},"end":{"line":267,"column":1}}},"7":{"name":"(anonymous_7)","decl":{"start":{"line":35,"column":23},"end":{"line":35,"column":28}},"loc":{"start":{"line":35,"column":34},"end":{"line":54,"column":3}}},"8":{"name":"(anonymous_8)","decl":{"start":{"line":62,"column":12},"end":{"line":62,"column":15}},"loc":{"start":{"line":62,"column":17},"end":{"line":66,"column":3}}},"9":{"name":"(anonymous_9)","decl":{"start":{"line":63,"column":21},"end":{"line":63,"column":24}},"loc":{"start":{"line":63,"column":27},"end":{"line":63,"column":59}}},"10":{"name":"(anonymous_10)","decl":{"start":{"line":65,"column":11},"end":{"line":65,"column":14}},"loc":{"start":{"line":65,"column":17},"end":{"line":65,"column":63}}},"11":{"name":"(anonymous_11)","decl":{"start":{"line":68,"column":12},"end":{"line":68,"column":15}},"loc":{"start":{"line":68,"column":17},"end":{"line":80,"column":3}}},"12":{"name":"(anonymous_12)","decl":{"start":{"line":69,"column":31},"end":{"line":69,"column":32}},"loc":{"start":{"line":69,"column":53},"end":{"line":77,"column":5}}},"13":{"name":"(anonymous_13)","decl":{"start":{"line":79,"column":11},"end":{"line":79,"column":14}},"loc":{"start":{"line":79,"column":17},"end":{"line":79,"column":78}}},"14":{"name":"(anonymous_14)","decl":{"start":{"line":83,"column":12},"end":{"line":83,"column":15}},"loc":{"start":{"line":83,"column":17},"end":{"line":87,"column":3}}},"15":{"name":"(anonymous_15)","decl":{"start":{"line":92,"column":19},"end":{"line":92,"column":20}},"loc":{"start":{"line":93,"column":4},"end":{"line":93,"column":86}}},"16":{"name":"(anonymous_16)","decl":{"start":{"line":96,"column":25},"end":{"line":96,"column":26}},"loc":{"start":{"line":96,"column":65},"end":{"line":104,"column":3}}},"17":{"name":"(anonymous_17)","decl":{"start":{"line":110,"column":28},"end":{"line":110,"column":29}},"loc":{"start":{"line":110,"column":52},"end":{"line":115,"column":3}}},"18":{"name":"(anonymous_18)","decl":{"start":{"line":164,"column":25},"end":{"line":164,"column":28}},"loc":{"start":{"line":164,"column":31},"end":{"line":164,"column":53}}}},"branchMap":{"0":{"loc":{"start":{"line":70,"column":6},"end":{"line":76,"column":7}},"type":"if","locations":[{"start":{"line":70,"column":6},"end":{"line":76,"column":7}},{"start":{},"end":{}}]},"1":{"loc":{"start":{"line":71,"column":8},"end":{"line":73,"column":86}},"type":"binary-expr","locations":[{"start":{"line":71,"column":8},"end":{"line":71,"column":16}},{"start":{"line":72,"column":8},"end":{"line":72,"column":23}},{"start":{"line":72,"column":27},"end":{"line":72,"column":74}},{"start":{"line":73,"column":8},"end":{"line":73,"column":29}},{"start":{"line":73,"column":33},"end":{"line":73,"column":86}}]},"2":{"loc":{"start":{"line":78,"column":4},"end":{"line":78,"column":77}},"type":"if","locations":[{"start":{"line":78,"column":4},"end":{"line":78,"column":77}},{"start":{},"end":{}}]},"3":{"loc":{"start":{"line":84,"column":4},"end":{"line":86,"column":5}},"type":"if","locations":[{"start":{"line":84,"column":4},"end":{"line":86,"column":5}},{"start":{},"end":{}}]},"4":{"loc":{"start":{"line":93,"column":4},"end":{"line":93,"column":86}},"type":"cond-expr","locations":[{"start":{"line":93,"column":15},"end":{"line":93,"column":48}},{"start":{"line":93,"column":51},"end":{"line":93,"column":86}}]},"5":{"loc":{"start":{"line":101,"column":11},"end":{"line":103,"column":41}},"type":"cond-expr","locations":[{"start":{"line":102,"column":8},"end":{"line":102,"column":39}},{"start":{"line":103,"column":8},"end":{"line":103,"column":41}}]},"6":{"loc":{"start":{"line":120,"column":87},"end":{"line":120,"column":176}},"type":"cond-expr","locations":[{"start":{"line":120,"column":110},"end":{"line":120,"column":150}},{"start":{"line":120,"column":153},"end":{"line":120,"column":176}}]},"7":{"loc":{"start":{"line":120,"column":87},"end":{"line":120,"column":107}},"type":"binary-expr","locations":[{"start":{"line":120,"column":87},"end":{"line":120,"column":95}},{"start":{"line":120,"column":99},"end":{"line":120,"column":107}}]},"8":{"loc":{"start":{"line":128,"column":11},"end":{"line":156,"column":null}},"type":"binary-expr","locations":[{"start":{"line":128,"column":11},"end":{"line":128,"column":20}},{"start":{"line":129,"column":12},"end":{"line":155,"column":null}}]},"9":{"loc":{"start":{"line":134,"column":17},"end":{"line":135,"column":null}},"type":"binary-expr","locations":[{"start":{"line":134,"column":17},"end":{"line":134,"column":32}},{"start":{"line":135,"column":18},"end":{"line":135,"column":83}}]},"10":{"loc":{"start":{"line":140,"column":17},"end":{"line":153,"column":null}},"type":"cond-expr","locations":[{"start":{"line":141,"column":18},"end":{"line":147,"column":null}},{"start":{"line":150,"column":18},"end":{"line":152,"column":null}}]},"11":{"loc":{"start":{"line":160,"column":11},"end":{"line":179,"column":null}},"type":"binary-expr","locations":[{"start":{"line":160,"column":11},"end":{"line":160,"column":19}},{"start":{"line":161,"column":12},"end":{"line":178,"column":null}}]},"12":{"loc":{"start":{"line":171,"column":99},"end":{"line":171,"column":175}},"type":"cond-expr","locations":[{"start":{"line":171,"column":110},"end":{"line":171,"column":140}},{"start":{"line":171,"column":143},"end":{"line":171,"column":175}}]},"13":{"loc":{"start":{"line":174,"column":99},"end":{"line":174,"column":176}},"type":"cond-expr","locations":[{"start":{"line":174,"column":110},"end":{"line":174,"column":142}},{"start":{"line":174,"column":145},"end":{"line":174,"column":176}}]},"14":{"loc":{"start":{"line":185,"column":7},"end":{"line":263,"column":null}},"type":"binary-expr","locations":[{"start":{"line":185,"column":7},"end":{"line":185,"column":15}},{"start":{"line":186,"column":8},"end":{"line":262,"column":null}}]},"15":{"loc":{"start":{"line":189,"column":12},"end":{"line":191,"column":null}},"type":"cond-expr","locations":[{"start":{"line":190,"column":16},"end":{"line":190,"column":57}},{"start":{"line":191,"column":16},"end":{"line":191,"column":null}}]},"16":{"loc":{"start":{"line":206,"column":13},"end":{"line":214,"column":null}},"type":"binary-expr","locations":[{"start":{"line":206,"column":13},"end":{"line":206,"column":28}},{"start":{"line":207,"column":14},"end":{"line":213,"column":null}}]},"17":{"loc":{"start":{"line":226,"column":13},"end":{"line":256,"column":null}},"type":"cond-expr","locations":[{"start":{"line":227,"column":14},"end":{"line":236,"column":null}},{"start":{"line":239,"column":14},"end":{"line":255,"column":null}}]}},"s":{"0":1,"1":1,"2":1,"3":1,"4":8,"5":8,"6":5,"7":5,"8":5,"9":5,"10":5,"11":5,"12":5,"13":8,"14":1,"15":3,"16":1,"17":3,"18":1,"19":8,"20":8,"21":8,"22":2,"23":2,"24":2,"25":2,"26":1,"27":1,"28":1,"29":8,"30":8,"31":8,"32":8,"33":8,"34":8,"35":5,"36":0,"37":5,"38":5,"39":5,"40":8,"41":8,"42":1,"43":1,"44":8,"45":3,"46":8,"47":8,"48":8,"49":5,"50":0,"51":8,"52":8,"53":8,"54":8,"55":17,"56":8,"57":12,"58":12,"59":12,"60":12,"61":8,"62":8,"63":8,"64":2,"65":2,"66":2,"67":2,"68":8,"69":1,"70":1},"f":{"0":8,"1":5,"2":5,"3":5,"4":3,"5":3,"6":8,"7":2,"8":5,"9":0,"10":5,"11":8,"12":1,"13":8,"14":5,"15":17,"16":12,"17":2,"18":1},"b":{"0":[1,0],"1":[1,1,1,1,1],"2":[3,5],"3":[0,5],"4":[5,12],"5":[3,9],"6":[1,7],"7":[8,8],"8":[8,5],"9":[5,3],"10":[3,2],"11":[8,3],"12":[1,2],"13":[1,2],"14":[8,3],"15":[1,2],"16":[3,0],"17":[0,3]}}
}
