{"C:\\Users\\dsgd2\\Downloads\\Personal\\Universidad\\Desarrollo 2\\Q-Manager\\src\\pages\\RegisterUser\\CreateRegularUserForm.tsx": {"path":"C:\\Users\\dsgd2\\Downloads\\Personal\\Universidad\\Desarrollo 2\\Q-Manager\\src\\pages\\RegisterUser\\CreateRegularUserForm.tsx","statementMap":{"0":{"start":{"line":1,"column":0},"end":{"line":1,"column":51}},"1":{"start":{"line":3,"column":0},"end":{"line":3,"column":54}},"2":{"start":{"line":4,"column":0},"end":{"line":4,"column":55}},"3":{"start":{"line":5,"column":0},"end":{"line":5,"column":47}},"4":{"start":{"line":6,"column":0},"end":{"line":6,"column":53}},"5":{"start":{"line":7,"column":0},"end":{"line":7,"column":58}},"6":{"start":{"line":8,"column":0},"end":{"line":8,"column":53}},"7":{"start":{"line":11,"column":16},"end":{"line":15,"column":null}},"8":{"start":{"line":12,"column":2},"end":{"line":14,"column":null}},"9":{"start":{"line":18,"column":21},"end":{"line":21,"column":null}},"10":{"start":{"line":19,"column":2},"end":{"line":20,"column":null}},"11":{"start":{"line":24,"column":30},"end":{"line":279,"column":1}},"12":{"start":{"line":25,"column":44},"end":{"line":25,"column":59}},"13":{"start":{"line":26,"column":58},"end":{"line":26,"column":73}},"14":{"start":{"line":27,"column":40},"end":{"line":27,"column":55}},"15":{"start":{"line":28,"column":36},"end":{"line":28,"column":48}},"16":{"start":{"line":29,"column":50},"end":{"line":29,"column":62}},"17":{"start":{"line":30,"column":34},"end":{"line":30,"column":49}},"18":{"start":{"line":32,"column":32},"end":{"line":32,"column":44}},"19":{"start":{"line":33,"column":32},"end":{"line":33,"column":44}},"20":{"start":{"line":34,"column":36},"end":{"line":34,"column":48}},"21":{"start":{"line":35,"column":30},"end":{"line":35,"column":42}},"22":{"start":{"line":36,"column":46},"end":{"line":36,"column":86}},"23":{"start":{"line":38,"column":21},"end":{"line":38,"column":56}},"24":{"start":{"line":39,"column":21},"end":{"line":39,"column":34}},"25":{"start":{"line":40,"column":17},"end":{"line":40,"column":26}},"26":{"start":{"line":42,"column":4},"end":{"line":48,"column":25}},"27":{"start":{"line":44,"column":8},"end":{"line":47,"column":9}},"28":{"start":{"line":45,"column":12},"end":{"line":45,"column":66}},"29":{"start":{"line":46,"column":12},"end":{"line":46,"column":35}},"30":{"start":{"line":50,"column":37},"end":{"line":50,"column":73}},"31":{"start":{"line":50,"column":43},"end":{"line":50,"column":73}},"32":{"start":{"line":51,"column":44},"end":{"line":51,"column":94}},"33":{"start":{"line":51,"column":50},"end":{"line":51,"column":94}},"34":{"start":{"line":53,"column":33},"end":{"line":58,"column":5}},"35":{"start":{"line":54,"column":8},"end":{"line":54,"column":40}},"36":{"start":{"line":55,"column":8},"end":{"line":57,"column":9}},"37":{"start":{"line":56,"column":12},"end":{"line":56,"column":33}},"38":{"start":{"line":60,"column":25},"end":{"line":134,"column":5}},"39":{"start":{"line":61,"column":8},"end":{"line":61,"column":27}},"40":{"start":{"line":62,"column":8},"end":{"line":65,"column":9}},"41":{"start":{"line":63,"column":12},"end":{"line":63,"column":63}},"42":{"start":{"line":64,"column":12},"end":{"line":64,"column":19}},"43":{"start":{"line":66,"column":8},"end":{"line":69,"column":9}},"44":{"start":{"line":67,"column":12},"end":{"line":67,"column":70}},"45":{"start":{"line":68,"column":12},"end":{"line":68,"column":19}},"46":{"start":{"line":70,"column":8},"end":{"line":73,"column":9}},"47":{"start":{"line":71,"column":12},"end":{"line":71,"column":76}},"48":{"start":{"line":72,"column":12},"end":{"line":72,"column":19}},"49":{"start":{"line":74,"column":8},"end":{"line":77,"column":9}},"50":{"start":{"line":75,"column":12},"end":{"line":75,"column":87}},"51":{"start":{"line":76,"column":12},"end":{"line":76,"column":19}},"52":{"start":{"line":78,"column":8},"end":{"line":81,"column":9}},"53":{"start":{"line":79,"column":12},"end":{"line":79,"column":74}},"54":{"start":{"line":80,"column":12},"end":{"line":80,"column":19}},"55":{"start":{"line":82,"column":8},"end":{"line":85,"column":9}},"56":{"start":{"line":83,"column":12},"end":{"line":83,"column":56}},"57":{"start":{"line":84,"column":12},"end":{"line":84,"column":19}},"58":{"start":{"line":86,"column":8},"end":{"line":89,"column":9}},"59":{"start":{"line":87,"column":12},"end":{"line":87,"column":87}},"60":{"start":{"line":88,"column":12},"end":{"line":88,"column":19}},"61":{"start":{"line":91,"column":8},"end":{"line":91,"column":25}},"62":{"start":{"line":93,"column":8},"end":{"line":133,"column":9}},"63":{"start":{"line":95,"column":29},"end":{"line":103,"column":14}},"64":{"start":{"line":106,"column":27},"end":{"line":106,"column":64}},"65":{"start":{"line":108,"column":12},"end":{"line":126,"column":13}},"66":{"start":{"line":110,"column":16},"end":{"line":110,"column":106}},"67":{"start":{"line":113,"column":16},"end":{"line":113,"column":30}},"68":{"start":{"line":113,"column":31},"end":{"line":113,"column":45}},"69":{"start":{"line":113,"column":46},"end":{"line":113,"column":62}},"70":{"start":{"line":113,"column":63},"end":{"line":113,"column":76}},"71":{"start":{"line":113,"column":77},"end":{"line":113,"column":93}},"72":{"start":{"line":113,"column":94},"end":{"line":113,"column":117}},"73":{"start":{"line":114,"column":16},"end":{"line":114,"column":37}},"74":{"start":{"line":114,"column":38},"end":{"line":114,"column":59}},"75":{"start":{"line":114,"column":60},"end":{"line":114,"column":83}},"76":{"start":{"line":114,"column":84},"end":{"line":114,"column":114}},"77":{"start":{"line":117,"column":16},"end":{"line":117,"column":79}},"78":{"start":{"line":118,"column":16},"end":{"line":118,"column":75}},"79":{"start":{"line":121,"column":16},"end":{"line":123,"column":25}},"80":{"start":{"line":122,"column":20},"end":{"line":122,"column":39}},"81":{"start":{"line":125,"column":16},"end":{"line":125,"column":68}},"82":{"start":{"line":128,"column":12},"end":{"line":128,"column":63}},"83":{"start":{"line":129,"column":33},"end":{"line":129,"column":89}},"84":{"start":{"line":130,"column":12},"end":{"line":130,"column":38}},"85":{"start":{"line":132,"column":12},"end":{"line":132,"column":30}},"86":{"start":{"line":136,"column":33},"end":{"line":136,"column":212}},"87":{"start":{"line":137,"column":29},"end":{"line":137,"column":207}},"88":{"start":{"line":139,"column":4},"end":{"line":278,"column":6}},"89":{"start":{"line":159,"column":32},"end":{"line":159,"column":null}},"90":{"start":{"line":167,"column":57},"end":{"line":167,"column":85}},"91":{"start":{"line":187,"column":57},"end":{"line":187,"column":84}},"92":{"start":{"line":212,"column":57},"end":{"line":212,"column":91}},"93":{"start":{"line":246,"column":61},"end":{"line":246,"column":123}},"94":{"start":{"line":281,"column":0},"end":{"line":281,"column":37}}},"fnMap":{"0":{"name":"(anonymous_10)","decl":{"start":{"line":11,"column":16},"end":{"line":11,"column":17}},"loc":{"start":{"line":12,"column":2},"end":{"line":14,"column":null}}},"1":{"name":"(anonymous_11)","decl":{"start":{"line":18,"column":21},"end":{"line":18,"column":22}},"loc":{"start":{"line":19,"column":2},"end":{"line":20,"column":null}}},"2":{"name":"(anonymous_12)","decl":{"start":{"line":24,"column":30},"end":{"line":24,"column":33}},"loc":{"start":{"line":24,"column":35},"end":{"line":279,"column":1}}},"3":{"name":"(anonymous_13)","decl":{"start":{"line":42,"column":14},"end":{"line":42,"column":17}},"loc":{"start":{"line":42,"column":19},"end":{"line":48,"column":5}}},"4":{"name":"(anonymous_14)","decl":{"start":{"line":50,"column":37},"end":{"line":50,"column":40}},"loc":{"start":{"line":50,"column":43},"end":{"line":50,"column":73}}},"5":{"name":"(anonymous_15)","decl":{"start":{"line":51,"column":44},"end":{"line":51,"column":47}},"loc":{"start":{"line":51,"column":50},"end":{"line":51,"column":94}}},"6":{"name":"(anonymous_16)","decl":{"start":{"line":53,"column":33},"end":{"line":53,"column":34}},"loc":{"start":{"line":53,"column":76},"end":{"line":58,"column":5}}},"7":{"name":"(anonymous_17)","decl":{"start":{"line":60,"column":25},"end":{"line":60,"column":30}},"loc":{"start":{"line":60,"column":71},"end":{"line":134,"column":5}}},"8":{"name":"(anonymous_18)","decl":{"start":{"line":121,"column":27},"end":{"line":121,"column":30}},"loc":{"start":{"line":121,"column":32},"end":{"line":123,"column":17}}},"9":{"name":"(anonymous_19)","decl":{"start":{"line":158,"column":34},"end":{"line":158,"column":39}},"loc":{"start":{"line":159,"column":32},"end":{"line":159,"column":null}}},"10":{"name":"(anonymous_20)","decl":{"start":{"line":167,"column":50},"end":{"line":167,"column":51}},"loc":{"start":{"line":167,"column":57},"end":{"line":167,"column":85}}},"11":{"name":"(anonymous_21)","decl":{"start":{"line":187,"column":50},"end":{"line":187,"column":51}},"loc":{"start":{"line":187,"column":57},"end":{"line":187,"column":84}}},"12":{"name":"(anonymous_22)","decl":{"start":{"line":212,"column":50},"end":{"line":212,"column":51}},"loc":{"start":{"line":212,"column":57},"end":{"line":212,"column":91}}},"13":{"name":"(anonymous_23)","decl":{"start":{"line":246,"column":54},"end":{"line":246,"column":55}},"loc":{"start":{"line":246,"column":61},"end":{"line":246,"column":123}}}},"branchMap":{"0":{"loc":{"start":{"line":11,"column":19},"end":{"line":11,"column":40}},"type":"default-arg","locations":[{"start":{"line":11,"column":31},"end":{"line":11,"column":40}}]},"1":{"loc":{"start":{"line":18,"column":24},"end":{"line":18,"column":45}},"type":"default-arg","locations":[{"start":{"line":18,"column":36},"end":{"line":18,"column":45}}]},"2":{"loc":{"start":{"line":44,"column":8},"end":{"line":47,"column":9}},"type":"if","locations":[{"start":{"line":44,"column":8},"end":{"line":47,"column":9}},{"start":{},"end":{}}]},"3":{"loc":{"start":{"line":44,"column":12},"end":{"line":44,"column":40}},"type":"binary-expr","locations":[{"start":{"line":44,"column":12},"end":{"line":44,"column":16}},{"start":{"line":44,"column":20},"end":{"line":44,"column":40}}]},"4":{"loc":{"start":{"line":55,"column":8},"end":{"line":57,"column":9}},"type":"if","locations":[{"start":{"line":55,"column":8},"end":{"line":57,"column":9}},{"start":{},"end":{}}]},"5":{"loc":{"start":{"line":62,"column":8},"end":{"line":65,"column":9}},"type":"if","locations":[{"start":{"line":62,"column":8},"end":{"line":65,"column":9}},{"start":{},"end":{}}]},"6":{"loc":{"start":{"line":62,"column":12},"end":{"line":62,"column":86}},"type":"binary-expr","locations":[{"start":{"line":62,"column":12},"end":{"line":62,"column":19}},{"start":{"line":62,"column":23},"end":{"line":62,"column":30}},{"start":{"line":62,"column":34},"end":{"line":62,"column":43}},{"start":{"line":62,"column":47},"end":{"line":62,"column":53}},{"start":{"line":62,"column":57},"end":{"line":62,"column":66}},{"start":{"line":62,"column":70},"end":{"line":62,"column":86}}]},"7":{"loc":{"start":{"line":66,"column":8},"end":{"line":69,"column":9}},"type":"if","locations":[{"start":{"line":66,"column":8},"end":{"line":69,"column":9}},{"start":{},"end":{}}]},"8":{"loc":{"start":{"line":70,"column":8},"end":{"line":73,"column":9}},"type":"if","locations":[{"start":{"line":70,"column":8},"end":{"line":73,"column":9}},{"start":{},"end":{}}]},"9":{"loc":{"start":{"line":70,"column":12},"end":{"line":70,"column":55}},"type":"binary-expr","locations":[{"start":{"line":70,"column":12},"end":{"line":70,"column":30}},{"start":{"line":70,"column":34},"end":{"line":70,"column":55}}]},"10":{"loc":{"start":{"line":74,"column":8},"end":{"line":77,"column":9}},"type":"if","locations":[{"start":{"line":74,"column":8},"end":{"line":77,"column":9}},{"start":{},"end":{}}]},"11":{"loc":{"start":{"line":74,"column":12},"end":{"line":74,"column":82}},"type":"binary-expr","locations":[{"start":{"line":74,"column":12},"end":{"line":74,"column":35}},{"start":{"line":74,"column":39},"end":{"line":74,"column":58}},{"start":{"line":74,"column":62},"end":{"line":74,"column":82}}]},"12":{"loc":{"start":{"line":78,"column":8},"end":{"line":81,"column":9}},"type":"if","locations":[{"start":{"line":78,"column":8},"end":{"line":81,"column":9}},{"start":{},"end":{}}]},"13":{"loc":{"start":{"line":82,"column":8},"end":{"line":85,"column":9}},"type":"if","locations":[{"start":{"line":82,"column":8},"end":{"line":85,"column":9}},{"start":{},"end":{}}]},"14":{"loc":{"start":{"line":86,"column":8},"end":{"line":89,"column":9}},"type":"if","locations":[{"start":{"line":86,"column":8},"end":{"line":89,"column":9}},{"start":{},"end":{}}]},"15":{"loc":{"start":{"line":86,"column":12},"end":{"line":86,"column":40}},"type":"binary-expr","locations":[{"start":{"line":86,"column":12},"end":{"line":86,"column":22}},{"start":{"line":86,"column":26},"end":{"line":86,"column":40}}]},"16":{"loc":{"start":{"line":102,"column":24},"end":{"line":102,"column":55}},"type":"cond-expr","locations":[{"start":{"line":102,"column":37},"end":{"line":102,"column":50}},{"start":{"line":102,"column":53},"end":{"line":102,"column":55}}]},"17":{"loc":{"start":{"line":108,"column":12},"end":{"line":126,"column":13}},"type":"if","locations":[{"start":{"line":108,"column":12},"end":{"line":126,"column":13}},{"start":{"line":124,"column":19},"end":{"line":126,"column":13}}]},"18":{"loc":{"start":{"line":129,"column":33},"end":{"line":129,"column":89}},"type":"binary-expr","locations":[{"start":{"line":129,"column":33},"end":{"line":129,"column":46}},{"start":{"line":129,"column":50},"end":{"line":129,"column":89}}]},"19":{"loc":{"start":{"line":142,"column":42},"end":{"line":142,"column":82}},"type":"cond-expr","locations":[{"start":{"line":142,"column":53},"end":{"line":142,"column":68}},{"start":{"line":142,"column":71},"end":{"line":142,"column":82}}]},"20":{"loc":{"start":{"line":183,"column":46},"end":{"line":183,"column":80}},"type":"cond-expr","locations":[{"start":{"line":183,"column":61},"end":{"line":183,"column":67}},{"start":{"line":183,"column":70},"end":{"line":183,"column":80}}]},"21":{"loc":{"start":{"line":194,"column":52},"end":{"line":194,"column":110}},"type":"cond-expr","locations":[{"start":{"line":194,"column":67},"end":{"line":194,"column":87}},{"start":{"line":194,"column":90},"end":{"line":194,"column":110}}]},"22":{"loc":{"start":{"line":196,"column":41},"end":{"line":196,"column":86}},"type":"cond-expr","locations":[{"start":{"line":196,"column":56},"end":{"line":196,"column":72}},{"start":{"line":196,"column":75},"end":{"line":196,"column":86}}]},"23":{"loc":{"start":{"line":208,"column":46},"end":{"line":208,"column":87}},"type":"cond-expr","locations":[{"start":{"line":208,"column":68},"end":{"line":208,"column":74}},{"start":{"line":208,"column":77},"end":{"line":208,"column":87}}]},"24":{"loc":{"start":{"line":219,"column":52},"end":{"line":219,"column":117}},"type":"cond-expr","locations":[{"start":{"line":219,"column":74},"end":{"line":219,"column":94}},{"start":{"line":219,"column":97},"end":{"line":219,"column":117}}]},"25":{"loc":{"start":{"line":221,"column":41},"end":{"line":221,"column":93}},"type":"cond-expr","locations":[{"start":{"line":221,"column":63},"end":{"line":221,"column":79}},{"start":{"line":221,"column":82},"end":{"line":221,"column":93}}]},"26":{"loc":{"start":{"line":237,"column":33},"end":{"line":255,"column":null}},"type":"binary-expr","locations":[{"start":{"line":237,"column":33},"end":{"line":237,"column":43}},{"start":{"line":238,"column":36},"end":{"line":254,"column":null}}]},"27":{"loc":{"start":{"line":261,"column":70},"end":{"line":261,"column":152}},"type":"cond-expr","locations":[{"start":{"line":261,"column":80},"end":{"line":261,"column":114}},{"start":{"line":261,"column":117},"end":{"line":261,"column":152}}]},"28":{"loc":{"start":{"line":264,"column":33},"end":{"line":264,"column":76}},"type":"cond-expr","locations":[{"start":{"line":264,"column":43},"end":{"line":264,"column":59}},{"start":{"line":264,"column":62},"end":{"line":264,"column":76}}]}},"s":{"0":1,"1":1,"2":1,"3":1,"4":1,"5":1,"6":1,"7":1,"8":83,"9":1,"10":3,"11":1,"12":43,"13":43,"14":43,"15":43,"16":43,"17":43,"18":43,"19":43,"20":43,"21":43,"22":43,"23":43,"24":43,"25":43,"26":43,"27":43,"28":1,"29":1,"30":43,"31":1,"32":43,"33":1,"34":43,"35":3,"36":3,"37":0,"38":43,"39":8,"40":8,"41":5,"42":5,"43":3,"44":0,"45":0,"46":3,"47":0,"48":0,"49":3,"50":1,"51":1,"52":2,"53":1,"54":1,"55":1,"56":0,"57":0,"58":1,"59":0,"60":0,"61":1,"62":1,"63":1,"64":1,"65":1,"66":1,"67":1,"68":1,"69":1,"70":1,"71":1,"72":1,"73":1,"74":1,"75":1,"76":1,"77":1,"78":1,"79":1,"80":1,"81":0,"82":0,"83":0,"84":0,"85":1,"86":43,"87":43,"88":43,"89":172,"90":15,"91":4,"92":4,"93":1,"94":1},"f":{"0":83,"1":3,"2":43,"3":43,"4":1,"5":1,"6":3,"7":8,"8":1,"9":172,"10":15,"11":4,"12":4,"13":1},"b":{"0":[83],"1":[3],"2":[1,42],"3":[43,43],"4":[0,3],"5":[5,3],"6":[8,4,3,3,3,3],"7":[0,3],"8":[0,3],"9":[3,3],"10":[1,2],"11":[3,3,2],"12":[1,1],"13":[0,1],"14":[0,1],"15":[1,1],"16":[1,0],"17":[1,0],"18":[0,0],"19":[0,43],"20":[2,41],"21":[2,41],"22":[2,41],"23":[1,42],"24":[1,42],"25":[1,42],"26":[43,5],"27":[1,42],"28":[1,42]}}
,"C:\\Users\\dsgd2\\Downloads\\Personal\\Universidad\\Desarrollo 2\\Q-Manager\\src\\pages\\RegisterUsercopy\\CreateRegularUserFormcopy.tsx": {"path":"C:\\Users\\dsgd2\\Downloads\\Personal\\Universidad\\Desarrollo 2\\Q-Manager\\src\\pages\\RegisterUsercopy\\CreateRegularUserFormcopy.tsx","statementMap":{"0":{"start":{"line":1,"column":0},"end":{"line":1,"column":51}},"1":{"start":{"line":3,"column":0},"end":{"line":3,"column":54}},"2":{"start":{"line":4,"column":0},"end":{"line":4,"column":55}},"3":{"start":{"line":5,"column":0},"end":{"line":5,"column":47}},"4":{"start":{"line":6,"column":0},"end":{"line":6,"column":53}},"5":{"start":{"line":7,"column":0},"end":{"line":7,"column":58}},"6":{"start":{"line":8,"column":0},"end":{"line":8,"column":53}},"7":{"start":{"line":11,"column":16},"end":{"line":15,"column":null}},"8":{"start":{"line":12,"column":2},"end":{"line":14,"column":null}},"9":{"start":{"line":18,"column":21},"end":{"line":21,"column":null}},"10":{"start":{"line":19,"column":2},"end":{"line":20,"column":null}},"11":{"start":{"line":24,"column":30},"end":{"line":279,"column":1}},"12":{"start":{"line":25,"column":44},"end":{"line":25,"column":59}},"13":{"start":{"line":26,"column":58},"end":{"line":26,"column":73}},"14":{"start":{"line":27,"column":40},"end":{"line":27,"column":55}},"15":{"start":{"line":28,"column":36},"end":{"line":28,"column":48}},"16":{"start":{"line":29,"column":50},"end":{"line":29,"column":62}},"17":{"start":{"line":30,"column":34},"end":{"line":30,"column":49}},"18":{"start":{"line":32,"column":32},"end":{"line":32,"column":44}},"19":{"start":{"line":33,"column":32},"end":{"line":33,"column":44}},"20":{"start":{"line":34,"column":36},"end":{"line":34,"column":48}},"21":{"start":{"line":35,"column":30},"end":{"line":35,"column":42}},"22":{"start":{"line":36,"column":46},"end":{"line":36,"column":86}},"23":{"start":{"line":38,"column":21},"end":{"line":38,"column":56}},"24":{"start":{"line":39,"column":21},"end":{"line":39,"column":34}},"25":{"start":{"line":40,"column":17},"end":{"line":40,"column":26}},"26":{"start":{"line":42,"column":4},"end":{"line":48,"column":25}},"27":{"start":{"line":44,"column":8},"end":{"line":47,"column":9}},"28":{"start":{"line":45,"column":12},"end":{"line":45,"column":66}},"29":{"start":{"line":46,"column":12},"end":{"line":46,"column":35}},"30":{"start":{"line":50,"column":37},"end":{"line":50,"column":73}},"31":{"start":{"line":50,"column":43},"end":{"line":50,"column":73}},"32":{"start":{"line":51,"column":44},"end":{"line":51,"column":94}},"33":{"start":{"line":51,"column":50},"end":{"line":51,"column":94}},"34":{"start":{"line":53,"column":33},"end":{"line":58,"column":5}},"35":{"start":{"line":54,"column":8},"end":{"line":54,"column":40}},"36":{"start":{"line":55,"column":8},"end":{"line":57,"column":9}},"37":{"start":{"line":56,"column":12},"end":{"line":56,"column":33}},"38":{"start":{"line":60,"column":25},"end":{"line":134,"column":5}},"39":{"start":{"line":61,"column":8},"end":{"line":61,"column":27}},"40":{"start":{"line":62,"column":8},"end":{"line":65,"column":9}},"41":{"start":{"line":63,"column":12},"end":{"line":63,"column":63}},"42":{"start":{"line":64,"column":12},"end":{"line":64,"column":19}},"43":{"start":{"line":66,"column":8},"end":{"line":69,"column":9}},"44":{"start":{"line":67,"column":12},"end":{"line":67,"column":70}},"45":{"start":{"line":68,"column":12},"end":{"line":68,"column":19}},"46":{"start":{"line":70,"column":8},"end":{"line":73,"column":9}},"47":{"start":{"line":71,"column":12},"end":{"line":71,"column":76}},"48":{"start":{"line":72,"column":12},"end":{"line":72,"column":19}},"49":{"start":{"line":74,"column":8},"end":{"line":77,"column":9}},"50":{"start":{"line":75,"column":12},"end":{"line":75,"column":87}},"51":{"start":{"line":76,"column":12},"end":{"line":76,"column":19}},"52":{"start":{"line":78,"column":8},"end":{"line":81,"column":9}},"53":{"start":{"line":79,"column":12},"end":{"line":79,"column":74}},"54":{"start":{"line":80,"column":12},"end":{"line":80,"column":19}},"55":{"start":{"line":82,"column":8},"end":{"line":85,"column":9}},"56":{"start":{"line":83,"column":12},"end":{"line":83,"column":56}},"57":{"start":{"line":84,"column":12},"end":{"line":84,"column":19}},"58":{"start":{"line":86,"column":8},"end":{"line":89,"column":9}},"59":{"start":{"line":87,"column":12},"end":{"line":87,"column":87}},"60":{"start":{"line":88,"column":12},"end":{"line":88,"column":19}},"61":{"start":{"line":91,"column":8},"end":{"line":91,"column":25}},"62":{"start":{"line":93,"column":8},"end":{"line":133,"column":9}},"63":{"start":{"line":95,"column":29},"end":{"line":103,"column":14}},"64":{"start":{"line":106,"column":27},"end":{"line":106,"column":64}},"65":{"start":{"line":108,"column":12},"end":{"line":126,"column":13}},"66":{"start":{"line":110,"column":16},"end":{"line":110,"column":106}},"67":{"start":{"line":113,"column":16},"end":{"line":113,"column":30}},"68":{"start":{"line":113,"column":31},"end":{"line":113,"column":45}},"69":{"start":{"line":113,"column":46},"end":{"line":113,"column":62}},"70":{"start":{"line":113,"column":63},"end":{"line":113,"column":76}},"71":{"start":{"line":113,"column":77},"end":{"line":113,"column":93}},"72":{"start":{"line":113,"column":94},"end":{"line":113,"column":117}},"73":{"start":{"line":114,"column":16},"end":{"line":114,"column":37}},"74":{"start":{"line":114,"column":38},"end":{"line":114,"column":59}},"75":{"start":{"line":114,"column":60},"end":{"line":114,"column":83}},"76":{"start":{"line":114,"column":84},"end":{"line":114,"column":114}},"77":{"start":{"line":117,"column":16},"end":{"line":117,"column":79}},"78":{"start":{"line":118,"column":16},"end":{"line":118,"column":75}},"79":{"start":{"line":121,"column":16},"end":{"line":123,"column":25}},"80":{"start":{"line":122,"column":20},"end":{"line":122,"column":39}},"81":{"start":{"line":125,"column":16},"end":{"line":125,"column":68}},"82":{"start":{"line":128,"column":12},"end":{"line":128,"column":63}},"83":{"start":{"line":129,"column":33},"end":{"line":129,"column":89}},"84":{"start":{"line":130,"column":12},"end":{"line":130,"column":38}},"85":{"start":{"line":132,"column":12},"end":{"line":132,"column":30}},"86":{"start":{"line":136,"column":33},"end":{"line":136,"column":212}},"87":{"start":{"line":137,"column":29},"end":{"line":137,"column":207}},"88":{"start":{"line":139,"column":4},"end":{"line":278,"column":6}},"89":{"start":{"line":159,"column":32},"end":{"line":159,"column":null}},"90":{"start":{"line":167,"column":57},"end":{"line":167,"column":85}},"91":{"start":{"line":187,"column":57},"end":{"line":187,"column":84}},"92":{"start":{"line":212,"column":57},"end":{"line":212,"column":91}},"93":{"start":{"line":246,"column":61},"end":{"line":246,"column":123}},"94":{"start":{"line":281,"column":0},"end":{"line":281,"column":37}}},"fnMap":{"0":{"name":"(anonymous_10)","decl":{"start":{"line":11,"column":16},"end":{"line":11,"column":17}},"loc":{"start":{"line":12,"column":2},"end":{"line":14,"column":null}}},"1":{"name":"(anonymous_11)","decl":{"start":{"line":18,"column":21},"end":{"line":18,"column":22}},"loc":{"start":{"line":19,"column":2},"end":{"line":20,"column":null}}},"2":{"name":"(anonymous_12)","decl":{"start":{"line":24,"column":30},"end":{"line":24,"column":33}},"loc":{"start":{"line":24,"column":35},"end":{"line":279,"column":1}}},"3":{"name":"(anonymous_13)","decl":{"start":{"line":42,"column":14},"end":{"line":42,"column":17}},"loc":{"start":{"line":42,"column":19},"end":{"line":48,"column":5}}},"4":{"name":"(anonymous_14)","decl":{"start":{"line":50,"column":37},"end":{"line":50,"column":40}},"loc":{"start":{"line":50,"column":43},"end":{"line":50,"column":73}}},"5":{"name":"(anonymous_15)","decl":{"start":{"line":51,"column":44},"end":{"line":51,"column":47}},"loc":{"start":{"line":51,"column":50},"end":{"line":51,"column":94}}},"6":{"name":"(anonymous_16)","decl":{"start":{"line":53,"column":33},"end":{"line":53,"column":34}},"loc":{"start":{"line":53,"column":76},"end":{"line":58,"column":5}}},"7":{"name":"(anonymous_17)","decl":{"start":{"line":60,"column":25},"end":{"line":60,"column":30}},"loc":{"start":{"line":60,"column":71},"end":{"line":134,"column":5}}},"8":{"name":"(anonymous_18)","decl":{"start":{"line":121,"column":27},"end":{"line":121,"column":30}},"loc":{"start":{"line":121,"column":32},"end":{"line":123,"column":17}}},"9":{"name":"(anonymous_19)","decl":{"start":{"line":158,"column":34},"end":{"line":158,"column":39}},"loc":{"start":{"line":159,"column":32},"end":{"line":159,"column":null}}},"10":{"name":"(anonymous_20)","decl":{"start":{"line":167,"column":50},"end":{"line":167,"column":51}},"loc":{"start":{"line":167,"column":57},"end":{"line":167,"column":85}}},"11":{"name":"(anonymous_21)","decl":{"start":{"line":187,"column":50},"end":{"line":187,"column":51}},"loc":{"start":{"line":187,"column":57},"end":{"line":187,"column":84}}},"12":{"name":"(anonymous_22)","decl":{"start":{"line":212,"column":50},"end":{"line":212,"column":51}},"loc":{"start":{"line":212,"column":57},"end":{"line":212,"column":91}}},"13":{"name":"(anonymous_23)","decl":{"start":{"line":246,"column":54},"end":{"line":246,"column":55}},"loc":{"start":{"line":246,"column":61},"end":{"line":246,"column":123}}}},"branchMap":{"0":{"loc":{"start":{"line":11,"column":19},"end":{"line":11,"column":40}},"type":"default-arg","locations":[{"start":{"line":11,"column":31},"end":{"line":11,"column":40}}]},"1":{"loc":{"start":{"line":18,"column":24},"end":{"line":18,"column":45}},"type":"default-arg","locations":[{"start":{"line":18,"column":36},"end":{"line":18,"column":45}}]},"2":{"loc":{"start":{"line":44,"column":8},"end":{"line":47,"column":9}},"type":"if","locations":[{"start":{"line":44,"column":8},"end":{"line":47,"column":9}},{"start":{},"end":{}}]},"3":{"loc":{"start":{"line":44,"column":12},"end":{"line":44,"column":40}},"type":"binary-expr","locations":[{"start":{"line":44,"column":12},"end":{"line":44,"column":16}},{"start":{"line":44,"column":20},"end":{"line":44,"column":40}}]},"4":{"loc":{"start":{"line":55,"column":8},"end":{"line":57,"column":9}},"type":"if","locations":[{"start":{"line":55,"column":8},"end":{"line":57,"column":9}},{"start":{},"end":{}}]},"5":{"loc":{"start":{"line":62,"column":8},"end":{"line":65,"column":9}},"type":"if","locations":[{"start":{"line":62,"column":8},"end":{"line":65,"column":9}},{"start":{},"end":{}}]},"6":{"loc":{"start":{"line":62,"column":12},"end":{"line":62,"column":86}},"type":"binary-expr","locations":[{"start":{"line":62,"column":12},"end":{"line":62,"column":19}},{"start":{"line":62,"column":23},"end":{"line":62,"column":30}},{"start":{"line":62,"column":34},"end":{"line":62,"column":43}},{"start":{"line":62,"column":47},"end":{"line":62,"column":53}},{"start":{"line":62,"column":57},"end":{"line":62,"column":66}},{"start":{"line":62,"column":70},"end":{"line":62,"column":86}}]},"7":{"loc":{"start":{"line":66,"column":8},"end":{"line":69,"column":9}},"type":"if","locations":[{"start":{"line":66,"column":8},"end":{"line":69,"column":9}},{"start":{},"end":{}}]},"8":{"loc":{"start":{"line":70,"column":8},"end":{"line":73,"column":9}},"type":"if","locations":[{"start":{"line":70,"column":8},"end":{"line":73,"column":9}},{"start":{},"end":{}}]},"9":{"loc":{"start":{"line":70,"column":12},"end":{"line":70,"column":55}},"type":"binary-expr","locations":[{"start":{"line":70,"column":12},"end":{"line":70,"column":30}},{"start":{"line":70,"column":34},"end":{"line":70,"column":55}}]},"10":{"loc":{"start":{"line":74,"column":8},"end":{"line":77,"column":9}},"type":"if","locations":[{"start":{"line":74,"column":8},"end":{"line":77,"column":9}},{"start":{},"end":{}}]},"11":{"loc":{"start":{"line":74,"column":12},"end":{"line":74,"column":82}},"type":"binary-expr","locations":[{"start":{"line":74,"column":12},"end":{"line":74,"column":35}},{"start":{"line":74,"column":39},"end":{"line":74,"column":58}},{"start":{"line":74,"column":62},"end":{"line":74,"column":82}}]},"12":{"loc":{"start":{"line":78,"column":8},"end":{"line":81,"column":9}},"type":"if","locations":[{"start":{"line":78,"column":8},"end":{"line":81,"column":9}},{"start":{},"end":{}}]},"13":{"loc":{"start":{"line":82,"column":8},"end":{"line":85,"column":9}},"type":"if","locations":[{"start":{"line":82,"column":8},"end":{"line":85,"column":9}},{"start":{},"end":{}}]},"14":{"loc":{"start":{"line":86,"column":8},"end":{"line":89,"column":9}},"type":"if","locations":[{"start":{"line":86,"column":8},"end":{"line":89,"column":9}},{"start":{},"end":{}}]},"15":{"loc":{"start":{"line":86,"column":12},"end":{"line":86,"column":40}},"type":"binary-expr","locations":[{"start":{"line":86,"column":12},"end":{"line":86,"column":22}},{"start":{"line":86,"column":26},"end":{"line":86,"column":40}}]},"16":{"loc":{"start":{"line":102,"column":24},"end":{"line":102,"column":55}},"type":"cond-expr","locations":[{"start":{"line":102,"column":37},"end":{"line":102,"column":50}},{"start":{"line":102,"column":53},"end":{"line":102,"column":55}}]},"17":{"loc":{"start":{"line":108,"column":12},"end":{"line":126,"column":13}},"type":"if","locations":[{"start":{"line":108,"column":12},"end":{"line":126,"column":13}},{"start":{"line":124,"column":19},"end":{"line":126,"column":13}}]},"18":{"loc":{"start":{"line":129,"column":33},"end":{"line":129,"column":89}},"type":"binary-expr","locations":[{"start":{"line":129,"column":33},"end":{"line":129,"column":46}},{"start":{"line":129,"column":50},"end":{"line":129,"column":89}}]},"19":{"loc":{"start":{"line":142,"column":42},"end":{"line":142,"column":82}},"type":"cond-expr","locations":[{"start":{"line":142,"column":53},"end":{"line":142,"column":68}},{"start":{"line":142,"column":71},"end":{"line":142,"column":82}}]},"20":{"loc":{"start":{"line":183,"column":46},"end":{"line":183,"column":80}},"type":"cond-expr","locations":[{"start":{"line":183,"column":61},"end":{"line":183,"column":67}},{"start":{"line":183,"column":70},"end":{"line":183,"column":80}}]},"21":{"loc":{"start":{"line":194,"column":52},"end":{"line":194,"column":110}},"type":"cond-expr","locations":[{"start":{"line":194,"column":67},"end":{"line":194,"column":87}},{"start":{"line":194,"column":90},"end":{"line":194,"column":110}}]},"22":{"loc":{"start":{"line":196,"column":41},"end":{"line":196,"column":86}},"type":"cond-expr","locations":[{"start":{"line":196,"column":56},"end":{"line":196,"column":72}},{"start":{"line":196,"column":75},"end":{"line":196,"column":86}}]},"23":{"loc":{"start":{"line":208,"column":46},"end":{"line":208,"column":87}},"type":"cond-expr","locations":[{"start":{"line":208,"column":68},"end":{"line":208,"column":74}},{"start":{"line":208,"column":77},"end":{"line":208,"column":87}}]},"24":{"loc":{"start":{"line":219,"column":52},"end":{"line":219,"column":117}},"type":"cond-expr","locations":[{"start":{"line":219,"column":74},"end":{"line":219,"column":94}},{"start":{"line":219,"column":97},"end":{"line":219,"column":117}}]},"25":{"loc":{"start":{"line":221,"column":41},"end":{"line":221,"column":93}},"type":"cond-expr","locations":[{"start":{"line":221,"column":63},"end":{"line":221,"column":79}},{"start":{"line":221,"column":82},"end":{"line":221,"column":93}}]},"26":{"loc":{"start":{"line":237,"column":33},"end":{"line":255,"column":null}},"type":"binary-expr","locations":[{"start":{"line":237,"column":33},"end":{"line":237,"column":43}},{"start":{"line":238,"column":36},"end":{"line":254,"column":null}}]},"27":{"loc":{"start":{"line":261,"column":70},"end":{"line":261,"column":152}},"type":"cond-expr","locations":[{"start":{"line":261,"column":80},"end":{"line":261,"column":114}},{"start":{"line":261,"column":117},"end":{"line":261,"column":152}}]},"28":{"loc":{"start":{"line":264,"column":33},"end":{"line":264,"column":76}},"type":"cond-expr","locations":[{"start":{"line":264,"column":43},"end":{"line":264,"column":59}},{"start":{"line":264,"column":62},"end":{"line":264,"column":76}}]}},"s":{"0":1,"1":1,"2":1,"3":1,"4":1,"5":1,"6":1,"7":1,"8":83,"9":1,"10":3,"11":1,"12":43,"13":43,"14":43,"15":43,"16":43,"17":43,"18":43,"19":43,"20":43,"21":43,"22":43,"23":43,"24":43,"25":43,"26":43,"27":43,"28":1,"29":1,"30":43,"31":1,"32":43,"33":1,"34":43,"35":3,"36":3,"37":0,"38":43,"39":8,"40":8,"41":5,"42":5,"43":3,"44":0,"45":0,"46":3,"47":0,"48":0,"49":3,"50":1,"51":1,"52":2,"53":1,"54":1,"55":1,"56":0,"57":0,"58":1,"59":0,"60":0,"61":1,"62":1,"63":1,"64":1,"65":1,"66":1,"67":1,"68":1,"69":1,"70":1,"71":1,"72":1,"73":1,"74":1,"75":1,"76":1,"77":1,"78":1,"79":1,"80":1,"81":0,"82":0,"83":0,"84":0,"85":1,"86":43,"87":43,"88":43,"89":172,"90":15,"91":4,"92":4,"93":1,"94":1},"f":{"0":83,"1":3,"2":43,"3":43,"4":1,"5":1,"6":3,"7":8,"8":1,"9":172,"10":15,"11":4,"12":4,"13":1},"b":{"0":[83],"1":[3],"2":[1,42],"3":[43,43],"4":[0,3],"5":[5,3],"6":[8,4,3,3,3,3],"7":[0,3],"8":[0,3],"9":[3,3],"10":[1,2],"11":[3,3,2],"12":[1,1],"13":[0,1],"14":[0,1],"15":[1,1],"16":[1,0],"17":[1,0],"18":[0,0],"19":[0,43],"20":[2,41],"21":[2,41],"22":[2,41],"23":[1,42],"24":[1,42],"25":[1,42],"26":[43,5],"27":[1,42],"28":[1,42]}}
,"C:\\Users\\dsgd2\\Downloads\\Personal\\Universidad\\Desarrollo 2\\Q-Manager\\src\\pages\\navbar\\navbar.tsx": {"path":"C:\\Users\\dsgd2\\Downloads\\Personal\\Universidad\\Desarrollo 2\\Q-Manager\\src\\pages\\navbar\\navbar.tsx","statementMap":{"0":{"start":{"line":1,"column":0},"end":{"line":1,"column":52}},"1":{"start":{"line":2,"column":0},"end":{"line":2,"column":49}},"2":{"start":{"line":3,"column":0},"end":{"line":3,"column":58}},"3":{"start":{"line":5,"column":22},"end":{"line":15,"column":1}},"4":{"start":{"line":6,"column":32},"end":{"line":6,"column":47}},"5":{"start":{"line":7,"column":2},"end":{"line":13,"column":14}},"6":{"start":{"line":8,"column":18},"end":{"line":8,"column":42}},"7":{"start":{"line":9,"column":19},"end":{"line":9,"column":50}},"8":{"start":{"line":9,"column":25},"end":{"line":9,"column":50}},"9":{"start":{"line":10,"column":4},"end":{"line":10,"column":13}},"10":{"start":{"line":11,"column":4},"end":{"line":11,"column":45}},"11":{"start":{"line":12,"column":4},"end":{"line":12,"column":61}},"12":{"start":{"line":12,"column":17},"end":{"line":12,"column":60}},"13":{"start":{"line":14,"column":2},"end":{"line":14,"column":17}},"14":{"start":{"line":17,"column":17},"end":{"line":20,"column":null}},"15":{"start":{"line":18,"column":2},"end":{"line":19,"column":null}},"16":{"start":{"line":23,"column":18},"end":{"line":26,"column":null}},"17":{"start":{"line":24,"column":2},"end":{"line":25,"column":null}},"18":{"start":{"line":31,"column":15},"end":{"line":267,"column":1}},"19":{"start":{"line":32,"column":15},"end":{"line":32,"column":24}},"20":{"start":{"line":33,"column":26},"end":{"line":33,"column":47}},"21":{"start":{"line":35,"column":23},"end":{"line":54,"column":3}},"22":{"start":{"line":36,"column":4},"end":{"line":53,"column":5}},"23":{"start":{"line":37,"column":6},"end":{"line":37,"column":53}},"24":{"start":{"line":40,"column":6},"end":{"line":40,"column":41}},"25":{"start":{"line":43,"column":6},"end":{"line":43,"column":26}},"26":{"start":{"line":46,"column":6},"end":{"line":46,"column":62}},"27":{"start":{"line":49,"column":6},"end":{"line":49,"column":54}},"28":{"start":{"line":52,"column":6},"end":{"line":52,"column":38}},"29":{"start":{"line":56,"column":19},"end":{"line":56,"column":54}},"30":{"start":{"line":57,"column":34},"end":{"line":57,"column":49}},"31":{"start":{"line":58,"column":34},"end":{"line":58,"column":49}},"32":{"start":{"line":59,"column":18},"end":{"line":59,"column":46}},"33":{"start":{"line":60,"column":24},"end":{"line":60,"column":55}},"34":{"start":{"line":62,"column":2},"end":{"line":66,"column":9}},"35":{"start":{"line":63,"column":21},"end":{"line":63,"column":59}},"36":{"start":{"line":63,"column":27},"end":{"line":63,"column":59}},"37":{"start":{"line":64,"column":4},"end":{"line":64,"column":67}},"38":{"start":{"line":65,"column":4},"end":{"line":65,"column":64}},"39":{"start":{"line":65,"column":17},"end":{"line":65,"column":63}},"40":{"start":{"line":68,"column":2},"end":{"line":80,"column":27}},"41":{"start":{"line":69,"column":31},"end":{"line":77,"column":5}},"42":{"start":{"line":70,"column":6},"end":{"line":76,"column":7}},"43":{"start":{"line":75,"column":8},"end":{"line":75,"column":27}},"44":{"start":{"line":78,"column":4},"end":{"line":78,"column":77}},"45":{"start":{"line":78,"column":18},"end":{"line":78,"column":77}},"46":{"start":{"line":79,"column":4},"end":{"line":79,"column":79}},"47":{"start":{"line":79,"column":17},"end":{"line":79,"column":78}},"48":{"start":{"line":83,"column":2},"end":{"line":87,"column":27}},"49":{"start":{"line":84,"column":4},"end":{"line":86,"column":5}},"50":{"start":{"line":85,"column":6},"end":{"line":85,"column":25}},"51":{"start":{"line":89,"column":22},"end":{"line":89,"column":283}},"52":{"start":{"line":90,"column":24},"end":{"line":90,"column":208}},"53":{"start":{"line":91,"column":26},"end":{"line":91,"column":66}},"54":{"start":{"line":92,"column":19},"end":{"line":93,"column":86}},"55":{"start":{"line":93,"column":4},"end":{"line":93,"column":86}},"56":{"start":{"line":96,"column":25},"end":{"line":104,"column":3}},"57":{"start":{"line":97,"column":23},"end":{"line":97,"column":148}},"58":{"start":{"line":98,"column":25},"end":{"line":98,"column":98}},"59":{"start":{"line":99,"column":27},"end":{"line":99,"column":89}},"60":{"start":{"line":101,"column":4},"end":{"line":103,"column":42}},"61":{"start":{"line":106,"column":20},"end":{"line":106,"column":347}},"62":{"start":{"line":107,"column":26},"end":{"line":107,"column":213}},"63":{"start":{"line":110,"column":28},"end":{"line":115,"column":3}},"64":{"start":{"line":111,"column":4},"end":{"line":111,"column":23}},"65":{"start":{"line":112,"column":4},"end":{"line":112,"column":24}},"66":{"start":{"line":113,"column":4},"end":{"line":113,"column":19}},"67":{"start":{"line":114,"column":4},"end":{"line":114,"column":17}},"68":{"start":{"line":119,"column":2},"end":{"line":266,"column":4}},"69":{"start":{"line":164,"column":31},"end":{"line":164,"column":53}},"70":{"start":{"line":269,"column":0},"end":{"line":269,"column":22}}},"fnMap":{"0":{"name":"(anonymous_0)","decl":{"start":{"line":5,"column":22},"end":{"line":5,"column":23}},"loc":{"start":{"line":5,"column":49},"end":{"line":15,"column":1}}},"1":{"name":"(anonymous_1)","decl":{"start":{"line":7,"column":12},"end":{"line":7,"column":15}},"loc":{"start":{"line":7,"column":17},"end":{"line":13,"column":3}}},"2":{"name":"(anonymous_2)","decl":{"start":{"line":9,"column":19},"end":{"line":9,"column":22}},"loc":{"start":{"line":9,"column":25},"end":{"line":9,"column":50}}},"3":{"name":"(anonymous_3)","decl":{"start":{"line":12,"column":11},"end":{"line":12,"column":14}},"loc":{"start":{"line":12,"column":17},"end":{"line":12,"column":60}}},"4":{"name":"(anonymous_4)","decl":{"start":{"line":17,"column":17},"end":{"line":17,"column":20}},"loc":{"start":{"line":18,"column":2},"end":{"line":19,"column":null}}},"5":{"name":"(anonymous_5)","decl":{"start":{"line":23,"column":18},"end":{"line":23,"column":21}},"loc":{"start":{"line":24,"column":2},"end":{"line":25,"column":null}}},"6":{"name":"(anonymous_6)","decl":{"start":{"line":31,"column":15},"end":{"line":31,"column":18}},"loc":{"start":{"line":31,"column":20},"end":{"line":267,"column":1}}},"7":{"name":"(anonymous_7)","decl":{"start":{"line":35,"column":23},"end":{"line":35,"column":28}},"loc":{"start":{"line":35,"column":34},"end":{"line":54,"column":3}}},"8":{"name":"(anonymous_8)","decl":{"start":{"line":62,"column":12},"end":{"line":62,"column":15}},"loc":{"start":{"line":62,"column":17},"end":{"line":66,"column":3}}},"9":{"name":"(anonymous_9)","decl":{"start":{"line":63,"column":21},"end":{"line":63,"column":24}},"loc":{"start":{"line":63,"column":27},"end":{"line":63,"column":59}}},"10":{"name":"(anonymous_10)","decl":{"start":{"line":65,"column":11},"end":{"line":65,"column":14}},"loc":{"start":{"line":65,"column":17},"end":{"line":65,"column":63}}},"11":{"name":"(anonymous_11)","decl":{"start":{"line":68,"column":12},"end":{"line":68,"column":15}},"loc":{"start":{"line":68,"column":17},"end":{"line":80,"column":3}}},"12":{"name":"(anonymous_12)","decl":{"start":{"line":69,"column":31},"end":{"line":69,"column":32}},"loc":{"start":{"line":69,"column":53},"end":{"line":77,"column":5}}},"13":{"name":"(anonymous_13)","decl":{"start":{"line":79,"column":11},"end":{"line":79,"column":14}},"loc":{"start":{"line":79,"column":17},"end":{"line":79,"column":78}}},"14":{"name":"(anonymous_14)","decl":{"start":{"line":83,"column":12},"end":{"line":83,"column":15}},"loc":{"start":{"line":83,"column":17},"end":{"line":87,"column":3}}},"15":{"name":"(anonymous_15)","decl":{"start":{"line":92,"column":19},"end":{"line":92,"column":20}},"loc":{"start":{"line":93,"column":4},"end":{"line":93,"column":86}}},"16":{"name":"(anonymous_16)","decl":{"start":{"line":96,"column":25},"end":{"line":96,"column":26}},"loc":{"start":{"line":96,"column":65},"end":{"line":104,"column":3}}},"17":{"name":"(anonymous_17)","decl":{"start":{"line":110,"column":28},"end":{"line":110,"column":29}},"loc":{"start":{"line":110,"column":52},"end":{"line":115,"column":3}}},"18":{"name":"(anonymous_18)","decl":{"start":{"line":164,"column":25},"end":{"line":164,"column":28}},"loc":{"start":{"line":164,"column":31},"end":{"line":164,"column":53}}}},"branchMap":{"0":{"loc":{"start":{"line":70,"column":6},"end":{"line":76,"column":7}},"type":"if","locations":[{"start":{"line":70,"column":6},"end":{"line":76,"column":7}},{"start":{},"end":{}}]},"1":{"loc":{"start":{"line":71,"column":8},"end":{"line":73,"column":86}},"type":"binary-expr","locations":[{"start":{"line":71,"column":8},"end":{"line":71,"column":16}},{"start":{"line":72,"column":8},"end":{"line":72,"column":23}},{"start":{"line":72,"column":27},"end":{"line":72,"column":74}},{"start":{"line":73,"column":8},"end":{"line":73,"column":29}},{"start":{"line":73,"column":33},"end":{"line":73,"column":86}}]},"2":{"loc":{"start":{"line":78,"column":4},"end":{"line":78,"column":77}},"type":"if","locations":[{"start":{"line":78,"column":4},"end":{"line":78,"column":77}},{"start":{},"end":{}}]},"3":{"loc":{"start":{"line":84,"column":4},"end":{"line":86,"column":5}},"type":"if","locations":[{"start":{"line":84,"column":4},"end":{"line":86,"column":5}},{"start":{},"end":{}}]},"4":{"loc":{"start":{"line":93,"column":4},"end":{"line":93,"column":86}},"type":"cond-expr","locations":[{"start":{"line":93,"column":15},"end":{"line":93,"column":48}},{"start":{"line":93,"column":51},"end":{"line":93,"column":86}}]},"5":{"loc":{"start":{"line":101,"column":11},"end":{"line":103,"column":41}},"type":"cond-expr","locations":[{"start":{"line":102,"column":8},"end":{"line":102,"column":39}},{"start":{"line":103,"column":8},"end":{"line":103,"column":41}}]},"6":{"loc":{"start":{"line":120,"column":87},"end":{"line":120,"column":176}},"type":"cond-expr","locations":[{"start":{"line":120,"column":110},"end":{"line":120,"column":150}},{"start":{"line":120,"column":153},"end":{"line":120,"column":176}}]},"7":{"loc":{"start":{"line":120,"column":87},"end":{"line":120,"column":107}},"type":"binary-expr","locations":[{"start":{"line":120,"column":87},"end":{"line":120,"column":95}},{"start":{"line":120,"column":99},"end":{"line":120,"column":107}}]},"8":{"loc":{"start":{"line":128,"column":11},"end":{"line":156,"column":null}},"type":"binary-expr","locations":[{"start":{"line":128,"column":11},"end":{"line":128,"column":20}},{"start":{"line":129,"column":12},"end":{"line":155,"column":null}}]},"9":{"loc":{"start":{"line":134,"column":17},"end":{"line":135,"column":null}},"type":"binary-expr","locations":[{"start":{"line":134,"column":17},"end":{"line":134,"column":32}},{"start":{"line":135,"column":18},"end":{"line":135,"column":83}}]},"10":{"loc":{"start":{"line":140,"column":17},"end":{"line":153,"column":null}},"type":"cond-expr","locations":[{"start":{"line":141,"column":18},"end":{"line":147,"column":null}},{"start":{"line":150,"column":18},"end":{"line":152,"column":null}}]},"11":{"loc":{"start":{"line":160,"column":11},"end":{"line":179,"column":null}},"type":"binary-expr","locations":[{"start":{"line":160,"column":11},"end":{"line":160,"column":19}},{"start":{"line":161,"column":12},"end":{"line":178,"column":null}}]},"12":{"loc":{"start":{"line":171,"column":99},"end":{"line":171,"column":175}},"type":"cond-expr","locations":[{"start":{"line":171,"column":110},"end":{"line":171,"column":140}},{"start":{"line":171,"column":143},"end":{"line":171,"column":175}}]},"13":{"loc":{"start":{"line":174,"column":99},"end":{"line":174,"column":176}},"type":"cond-expr","locations":[{"start":{"line":174,"column":110},"end":{"line":174,"column":142}},{"start":{"line":174,"column":145},"end":{"line":174,"column":176}}]},"14":{"loc":{"start":{"line":185,"column":7},"end":{"line":263,"column":null}},"type":"binary-expr","locations":[{"start":{"line":185,"column":7},"end":{"line":185,"column":15}},{"start":{"line":186,"column":8},"end":{"line":262,"column":null}}]},"15":{"loc":{"start":{"line":189,"column":12},"end":{"line":191,"column":null}},"type":"cond-expr","locations":[{"start":{"line":190,"column":16},"end":{"line":190,"column":57}},{"start":{"line":191,"column":16},"end":{"line":191,"column":null}}]},"16":{"loc":{"start":{"line":206,"column":13},"end":{"line":214,"column":null}},"type":"binary-expr","locations":[{"start":{"line":206,"column":13},"end":{"line":206,"column":28}},{"start":{"line":207,"column":14},"end":{"line":213,"column":null}}]},"17":{"loc":{"start":{"line":226,"column":13},"end":{"line":256,"column":null}},"type":"cond-expr","locations":[{"start":{"line":227,"column":14},"end":{"line":236,"column":null}},{"start":{"line":239,"column":14},"end":{"line":255,"column":null}}]}},"s":{"0":1,"1":1,"2":1,"3":1,"4":1,"5":1,"6":1,"7":1,"8":1,"9":1,"10":1,"11":1,"12":1,"13":1,"14":1,"15":0,"16":1,"17":0,"18":1,"19":1,"20":1,"21":1,"22":0,"23":0,"24":0,"25":0,"26":0,"27":0,"28":0,"29":1,"30":1,"31":1,"32":1,"33":1,"34":1,"35":1,"36":0,"37":1,"38":1,"39":1,"40":1,"41":1,"42":0,"43":0,"44":1,"45":0,"46":1,"47":1,"48":1,"49":1,"50":0,"51":1,"52":1,"53":1,"54":1,"55":4,"56":1,"57":0,"58":0,"59":0,"60":0,"61":1,"62":1,"63":1,"64":0,"65":0,"66":0,"67":0,"68":1,"69":0,"70":1},"f":{"0":1,"1":1,"2":1,"3":1,"4":0,"5":0,"6":1,"7":0,"8":1,"9":0,"10":1,"11":1,"12":0,"13":1,"14":1,"15":4,"16":0,"17":0,"18":0},"b":{"0":[0,0],"1":[0,0,0,0,0],"2":[0,1],"3":[0,1],"4":[1,3],"5":[0,0],"6":[0,1],"7":[1,1],"8":[1,1],"9":[1,0],"10":[0,1],"11":[1,0],"12":[0,0],"13":[0,0],"14":[1,0],"15":[0,0],"16":[0,0],"17":[0,0]}}
}
