TN:
SF:src\pages\navbar\navbar.tsx
FN:5,(anonymous_0)
FN:7,(anonymous_1)
FN:9,(anonymous_2)
FN:12,(anonymous_3)
FN:17,(anonymous_4)
FN:23,(anonymous_5)
FN:31,(anonymous_6)
FN:35,(anonymous_7)
FN:62,(anonymous_8)
FN:63,(anonymous_9)
FN:65,(anonymous_10)
FN:68,(anonymous_11)
FN:69,(anonymous_12)
FN:79,(anonymous_13)
FN:83,(anonymous_14)
FN:92,(anonymous_15)
FN:96,(anonymous_16)
FN:110,(anonymous_17)
FN:164,(anonymous_18)
FNF:19
FNH:11
FNDA:1,(anonymous_0)
FNDA:1,(anonymous_1)
FNDA:1,(anonymous_2)
FNDA:1,(anonymous_3)
FNDA:0,(anonymous_4)
FNDA:0,(anonymous_5)
FNDA:1,(anonymous_6)
FNDA:0,(anonymous_7)
FNDA:1,(anonymous_8)
FNDA:0,(anonymous_9)
FNDA:1,(anonymous_10)
FNDA:1,(anonymous_11)
FNDA:0,(anonymous_12)
FNDA:1,(anonymous_13)
FNDA:1,(anonymous_14)
FNDA:4,(anonymous_15)
FNDA:0,(anonymous_16)
FNDA:0,(anonymous_17)
FNDA:0,(anonymous_18)
DA:1,1
DA:2,1
DA:3,1
DA:5,1
DA:6,1
DA:7,1
DA:8,1
DA:9,1
DA:10,1
DA:11,1
DA:12,1
DA:14,1
DA:17,1
DA:18,0
DA:23,1
DA:24,0
DA:31,1
DA:32,1
DA:33,1
DA:35,1
DA:36,0
DA:37,0
DA:40,0
DA:43,0
DA:46,0
DA:49,0
DA:52,0
DA:56,1
DA:57,1
DA:58,1
DA:59,1
DA:60,1
DA:62,1
DA:63,1
DA:64,1
DA:65,1
DA:68,1
DA:69,1
DA:70,0
DA:75,0
DA:78,1
DA:79,1
DA:83,1
DA:84,1
DA:85,0
DA:89,1
DA:90,1
DA:91,1
DA:92,1
DA:93,4
DA:96,1
DA:97,0
DA:98,0
DA:99,0
DA:101,0
DA:106,1
DA:107,1
DA:110,1
DA:111,0
DA:112,0
DA:113,0
DA:114,0
DA:119,1
DA:164,0
DA:269,1
LF:65
LH:44
BRDA:70,0,0,0
BRDA:70,0,1,0
BRDA:71,1,0,0
BRDA:71,1,1,0
BRDA:71,1,2,0
BRDA:71,1,3,0
BRDA:71,1,4,0
BRDA:78,2,0,0
BRDA:78,2,1,1
BRDA:84,3,0,0
BRDA:84,3,1,1
BRDA:93,4,0,1
BRDA:93,4,1,3
BRDA:101,5,0,0
BRDA:101,5,1,0
BRDA:120,6,0,0
BRDA:120,6,1,1
BRDA:120,7,0,1
BRDA:120,7,1,1
BRDA:128,8,0,1
BRDA:128,8,1,1
BRDA:134,9,0,1
BRDA:134,9,1,0
BRDA:140,10,0,0
BRDA:140,10,1,1
BRDA:160,11,0,1
BRDA:160,11,1,0
BRDA:171,12,0,0
BRDA:171,12,1,0
BRDA:174,13,0,0
BRDA:174,13,1,0
BRDA:185,14,0,1
BRDA:185,14,1,0
BRDA:189,15,0,0
BRDA:189,15,1,0
BRDA:206,16,0,0
BRDA:206,16,1,0
BRDA:226,17,0,0
BRDA:226,17,1,0
BRF:39
BRH:13
end_of_record
